19:53:57.487 [flowable-bpmn-acquire-timer-jobs] ERROR c.a.d.p.DruidDataSource - [handleFatalError,1867] - {conn-10050} discard
com.mysql.cj.jdbc.exceptions.CommunicationsException: Communications link failure

The last packet successfully received from the server was 28,647 milliseconds ago. The last packet sent successfully to the server was 28,665 milliseconds ago.
	at com.mysql.cj.jdbc.exceptions.SQLError.createCommunicationsException(SQLError.java:174)
	at com.mysql.cj.jdbc.exceptions.SQLExceptionsMapping.translateException(SQLExceptionsMapping.java:64)
	at com.mysql.cj.jdbc.ConnectionImpl.setAutoCommit(ConnectionImpl.java:2050)
	at com.alibaba.druid.filter.FilterChainImpl.connection_setAutoCommit(FilterChainImpl.java:699)
	at com.alibaba.druid.filter.FilterAdapter.connection_setAutoCommit(FilterAdapter.java:964)
	at com.alibaba.druid.filter.FilterChainImpl.connection_setAutoCommit(FilterChainImpl.java:694)
	at com.alibaba.druid.proxy.jdbc.ConnectionProxyImpl.setAutoCommit(ConnectionProxyImpl.java:414)
	at com.alibaba.druid.pool.DruidPooledConnection.setAutoCommit(DruidPooledConnection.java:725)
	at org.springframework.jdbc.datasource.DataSourceTransactionManager.doBegin(DataSourceTransactionManager.java:287)
	at org.springframework.transaction.support.AbstractPlatformTransactionManager.startTransaction(AbstractPlatformTransactionManager.java:400)
	at org.springframework.transaction.support.AbstractPlatformTransactionManager.getTransaction(AbstractPlatformTransactionManager.java:373)
	at org.springframework.transaction.support.TransactionTemplate.execute(TransactionTemplate.java:137)
	at org.flowable.common.spring.SpringTransactionInterceptor.execute(SpringTransactionInterceptor.java:56)
	at org.flowable.common.engine.impl.interceptor.LogInterceptor.execute(LogInterceptor.java:30)
	at org.flowable.common.engine.impl.cfg.CommandExecutorImpl.execute(CommandExecutorImpl.java:56)
	at org.flowable.common.engine.impl.cfg.CommandExecutorImpl.execute(CommandExecutorImpl.java:51)
	at org.flowable.job.service.impl.asyncexecutor.AcquireTimerJobsRunnable.run(AcquireTimerJobsRunnable.java:58)
	at java.lang.Thread.run(Thread.java:748)
Caused by: com.mysql.cj.exceptions.CJCommunicationsException: Communications link failure

The last packet successfully received from the server was 28,647 milliseconds ago. The last packet sent successfully to the server was 28,665 milliseconds ago.
	at sun.reflect.GeneratedConstructorAccessor115.newInstance(Unknown Source)
	at sun.reflect.DelegatingConstructorAccessorImpl.newInstance(DelegatingConstructorAccessorImpl.java:45)
	at java.lang.reflect.Constructor.newInstance(Constructor.java:423)
	at com.mysql.cj.exceptions.ExceptionFactory.createException(ExceptionFactory.java:61)
	at com.mysql.cj.exceptions.ExceptionFactory.createException(ExceptionFactory.java:105)
	at com.mysql.cj.exceptions.ExceptionFactory.createException(ExceptionFactory.java:151)
	at com.mysql.cj.exceptions.ExceptionFactory.createCommunicationsException(ExceptionFactory.java:167)
	at com.mysql.cj.protocol.a.NativeProtocol.readMessage(NativeProtocol.java:581)
	at com.mysql.cj.protocol.a.NativeProtocol.checkErrorMessage(NativeProtocol.java:761)
	at com.mysql.cj.protocol.a.NativeProtocol.sendCommand(NativeProtocol.java:700)
	at com.mysql.cj.protocol.a.NativeProtocol.sendQueryPacket(NativeProtocol.java:1051)
	at com.mysql.cj.protocol.a.NativeProtocol.sendQueryString(NativeProtocol.java:997)
	at com.mysql.cj.NativeSession.execSQL(NativeSession.java:663)
	at com.mysql.cj.jdbc.ConnectionImpl.setAutoCommit(ConnectionImpl.java:2033)
	... 15 common frames omitted
Caused by: java.net.SocketTimeoutException: Read timed out
	at java.net.SocketInputStream.socketRead0(Native Method)
	at java.net.SocketInputStream.socketRead(SocketInputStream.java:116)
	at java.net.SocketInputStream.read(SocketInputStream.java:171)
	at java.net.SocketInputStream.read(SocketInputStream.java:141)
	at sun.security.ssl.SSLSocketInputRecord.read(SSLSocketInputRecord.java:475)
	at sun.security.ssl.SSLSocketInputRecord.readHeader(SSLSocketInputRecord.java:469)
	at sun.security.ssl.SSLSocketInputRecord.bytesInCompletePacket(SSLSocketInputRecord.java:69)
	at sun.security.ssl.SSLSocketImpl.readApplicationRecord(SSLSocketImpl.java:1239)
	at sun.security.ssl.SSLSocketImpl.access$300(SSLSocketImpl.java:75)
	at sun.security.ssl.SSLSocketImpl$AppInputStream.read(SSLSocketImpl.java:926)
	at java.io.FilterInputStream.read(FilterInputStream.java:133)
	at com.mysql.cj.protocol.FullReadInputStream.readFully(FullReadInputStream.java:64)
	at com.mysql.cj.protocol.a.SimplePacketReader.readHeaderLocal(SimplePacketReader.java:81)
	at com.mysql.cj.protocol.a.SimplePacketReader.readHeader(SimplePacketReader.java:63)
	at com.mysql.cj.protocol.a.SimplePacketReader.readHeader(SimplePacketReader.java:45)
	at com.mysql.cj.protocol.a.TimeTrackingPacketReader.readHeader(TimeTrackingPacketReader.java:52)
	at com.mysql.cj.protocol.a.TimeTrackingPacketReader.readHeader(TimeTrackingPacketReader.java:41)
	at com.mysql.cj.protocol.a.MultiPacketReader.readHeader(MultiPacketReader.java:54)
	at com.mysql.cj.protocol.a.MultiPacketReader.readHeader(MultiPacketReader.java:44)
	at com.mysql.cj.protocol.a.NativeProtocol.readMessage(NativeProtocol.java:575)
	... 21 common frames omitted
19:53:57.596 [flowable-bpmn-acquire-timer-jobs] ERROR o.f.j.s.i.a.AcquireTimerJobsRunnable - [run,87] - exception during timer job acquisition: Could not open JDBC Connection for transaction; nested exception is com.mysql.cj.jdbc.exceptions.CommunicationsException: Communications link failure

The last packet successfully received from the server was 28,647 milliseconds ago. The last packet sent successfully to the server was 28,665 milliseconds ago.
org.springframework.transaction.CannotCreateTransactionException: Could not open JDBC Connection for transaction; nested exception is com.mysql.cj.jdbc.exceptions.CommunicationsException: Communications link failure

The last packet successfully received from the server was 28,647 milliseconds ago. The last packet sent successfully to the server was 28,665 milliseconds ago.
	at org.springframework.jdbc.datasource.DataSourceTransactionManager.doBegin(DataSourceTransactionManager.java:309)
	at org.springframework.transaction.support.AbstractPlatformTransactionManager.startTransaction(AbstractPlatformTransactionManager.java:400)
	at org.springframework.transaction.support.AbstractPlatformTransactionManager.getTransaction(AbstractPlatformTransactionManager.java:373)
	at org.springframework.transaction.support.TransactionTemplate.execute(TransactionTemplate.java:137)
	at org.flowable.common.spring.SpringTransactionInterceptor.execute(SpringTransactionInterceptor.java:56)
	at org.flowable.common.engine.impl.interceptor.LogInterceptor.execute(LogInterceptor.java:30)
	at org.flowable.common.engine.impl.cfg.CommandExecutorImpl.execute(CommandExecutorImpl.java:56)
	at org.flowable.common.engine.impl.cfg.CommandExecutorImpl.execute(CommandExecutorImpl.java:51)
	at org.flowable.job.service.impl.asyncexecutor.AcquireTimerJobsRunnable.run(AcquireTimerJobsRunnable.java:58)
	at java.lang.Thread.run(Thread.java:748)
Caused by: com.mysql.cj.jdbc.exceptions.CommunicationsException: Communications link failure

The last packet successfully received from the server was 28,647 milliseconds ago. The last packet sent successfully to the server was 28,665 milliseconds ago.
	at com.mysql.cj.jdbc.exceptions.SQLError.createCommunicationsException(SQLError.java:174)
	at com.mysql.cj.jdbc.exceptions.SQLExceptionsMapping.translateException(SQLExceptionsMapping.java:64)
	at com.mysql.cj.jdbc.ConnectionImpl.setAutoCommit(ConnectionImpl.java:2050)
	at com.alibaba.druid.filter.FilterChainImpl.connection_setAutoCommit(FilterChainImpl.java:699)
	at com.alibaba.druid.filter.FilterAdapter.connection_setAutoCommit(FilterAdapter.java:964)
	at com.alibaba.druid.filter.FilterChainImpl.connection_setAutoCommit(FilterChainImpl.java:694)
	at com.alibaba.druid.proxy.jdbc.ConnectionProxyImpl.setAutoCommit(ConnectionProxyImpl.java:414)
	at com.alibaba.druid.pool.DruidPooledConnection.setAutoCommit(DruidPooledConnection.java:725)
	at org.springframework.jdbc.datasource.DataSourceTransactionManager.doBegin(DataSourceTransactionManager.java:287)
	... 9 common frames omitted
Caused by: com.mysql.cj.exceptions.CJCommunicationsException: Communications link failure

The last packet successfully received from the server was 28,647 milliseconds ago. The last packet sent successfully to the server was 28,665 milliseconds ago.
	at sun.reflect.GeneratedConstructorAccessor115.newInstance(Unknown Source)
	at sun.reflect.DelegatingConstructorAccessorImpl.newInstance(DelegatingConstructorAccessorImpl.java:45)
	at java.lang.reflect.Constructor.newInstance(Constructor.java:423)
	at com.mysql.cj.exceptions.ExceptionFactory.createException(ExceptionFactory.java:61)
	at com.mysql.cj.exceptions.ExceptionFactory.createException(ExceptionFactory.java:105)
	at com.mysql.cj.exceptions.ExceptionFactory.createException(ExceptionFactory.java:151)
	at com.mysql.cj.exceptions.ExceptionFactory.createCommunicationsException(ExceptionFactory.java:167)
	at com.mysql.cj.protocol.a.NativeProtocol.readMessage(NativeProtocol.java:581)
	at com.mysql.cj.protocol.a.NativeProtocol.checkErrorMessage(NativeProtocol.java:761)
	at com.mysql.cj.protocol.a.NativeProtocol.sendCommand(NativeProtocol.java:700)
	at com.mysql.cj.protocol.a.NativeProtocol.sendQueryPacket(NativeProtocol.java:1051)
	at com.mysql.cj.protocol.a.NativeProtocol.sendQueryString(NativeProtocol.java:997)
	at com.mysql.cj.NativeSession.execSQL(NativeSession.java:663)
	at com.mysql.cj.jdbc.ConnectionImpl.setAutoCommit(ConnectionImpl.java:2033)
	... 15 common frames omitted
Caused by: java.net.SocketTimeoutException: Read timed out
	at java.net.SocketInputStream.socketRead0(Native Method)
	at java.net.SocketInputStream.socketRead(SocketInputStream.java:116)
	at java.net.SocketInputStream.read(SocketInputStream.java:171)
	at java.net.SocketInputStream.read(SocketInputStream.java:141)
	at sun.security.ssl.SSLSocketInputRecord.read(SSLSocketInputRecord.java:475)
	at sun.security.ssl.SSLSocketInputRecord.readHeader(SSLSocketInputRecord.java:469)
	at sun.security.ssl.SSLSocketInputRecord.bytesInCompletePacket(SSLSocketInputRecord.java:69)
	at sun.security.ssl.SSLSocketImpl.readApplicationRecord(SSLSocketImpl.java:1239)
	at sun.security.ssl.SSLSocketImpl.access$300(SSLSocketImpl.java:75)
	at sun.security.ssl.SSLSocketImpl$AppInputStream.read(SSLSocketImpl.java:926)
	at java.io.FilterInputStream.read(FilterInputStream.java:133)
	at com.mysql.cj.protocol.FullReadInputStream.readFully(FullReadInputStream.java:64)
	at com.mysql.cj.protocol.a.SimplePacketReader.readHeaderLocal(SimplePacketReader.java:81)
	at com.mysql.cj.protocol.a.SimplePacketReader.readHeader(SimplePacketReader.java:63)
	at com.mysql.cj.protocol.a.SimplePacketReader.readHeader(SimplePacketReader.java:45)
	at com.mysql.cj.protocol.a.TimeTrackingPacketReader.readHeader(TimeTrackingPacketReader.java:52)
	at com.mysql.cj.protocol.a.TimeTrackingPacketReader.readHeader(TimeTrackingPacketReader.java:41)
	at com.mysql.cj.protocol.a.MultiPacketReader.readHeader(MultiPacketReader.java:54)
	at com.mysql.cj.protocol.a.MultiPacketReader.readHeader(MultiPacketReader.java:44)
	at com.mysql.cj.protocol.a.NativeProtocol.readMessage(NativeProtocol.java:575)
	... 21 common frames omitted
