12:02:39.800 [background-preinit] INFO  o.h.v.i.util.Version - [<clinit>,21] - HV000001: Hibernate Validator 6.2.3.Final
12:02:39.803 [restartedMain] INFO  com.fno.Application - [logStarting,55] - Starting Application using Java 1.8.0_291 on LAPTOP-T0DASU3T with PID 62536 (D:\workspace\java\crm\crm-server\fno-admin\target\classes started by 苏 in D:\workspace\java\crm\crm-server)
12:02:39.829 [restartedMain] INFO  com.fno.Application - [logStartupProfileInfo,686] - The following 1 profile is active: "dev"
12:02:47.417 [restartedMain] INFO  o.a.c.h.Http11NioProtocol - [log,173] - Initializing ProtocolHandler ["http-nio-8090"]
12:02:47.417 [restartedMain] INFO  o.a.c.c.StandardService - [log,173] - Starting service [Tomcat]
12:02:47.418 [restartedMain] INFO  o.a.c.c.StandardEngine - [log,173] - Starting Servlet engine: [Apache Tomcat/9.0.63]
12:02:47.701 [restartedMain] INFO  o.a.c.c.C.[.[.[/] - [log,173] - Initializing Spring embedded WebApplicationContext
12:03:14.355 [restartedMain] INFO  c.a.d.p.DruidDataSource - [init,972] - {dataSource-1} inited
12:03:14.369 [restartedMain] INFO  c.a.d.p.DruidDataSource - [close,2051] - {dataSource-1} closing ...
12:03:14.372 [restartedMain] INFO  c.a.d.p.DruidDataSource - [close,2124] - {dataSource-1} closed
12:03:14.384 [restartedMain] INFO  o.a.c.c.StandardService - [log,173] - Stopping service [Tomcat]
12:05:37.485 [restartedMain] INFO  com.fno.Application - [logStarting,55] - Starting Application using Java 1.8.0_291 on LAPTOP-T0DASU3T with PID 27888 (D:\workspace\java\crm\crm-server\fno-admin\target\classes started by 苏 in D:\workspace\java\crm\crm-server)
12:05:37.488 [background-preinit] INFO  o.h.v.i.util.Version - [<clinit>,21] - HV000001: Hibernate Validator 6.2.3.Final
12:05:37.492 [restartedMain] INFO  com.fno.Application - [logStartupProfileInfo,686] - The following 1 profile is active: "dev"
12:05:45.717 [restartedMain] INFO  o.a.c.h.Http11NioProtocol - [log,173] - Initializing ProtocolHandler ["http-nio-8090"]
12:05:45.718 [restartedMain] INFO  o.a.c.c.StandardService - [log,173] - Starting service [Tomcat]
12:05:45.719 [restartedMain] INFO  o.a.c.c.StandardEngine - [log,173] - Starting Servlet engine: [Apache Tomcat/9.0.63]
12:05:46.019 [restartedMain] INFO  o.a.c.c.C.[.[.[/] - [log,173] - Initializing Spring embedded WebApplicationContext
12:05:56.423 [restartedMain] INFO  c.a.d.p.DruidDataSource - [init,972] - {dataSource-1} inited
12:06:00.024 [restartedMain] INFO  o.f.s.b.e.EventRegistryAutoConfiguration - [discoverDeploymentResources,104] - No deployment resources were found for autodeployment
12:06:00.408 [restartedMain] INFO  o.f.s.b.ProcessEngineAutoConfiguration - [discoverDeploymentResources,104] - No deployment resources were found for autodeployment
12:06:01.255 [restartedMain] INFO  o.f.s.SpringProcessEngineConfiguration - [initConfigurators,970] - Found 2 Engine Configurators in total:
12:06:01.258 [restartedMain] INFO  o.f.s.SpringProcessEngineConfiguration - [initConfigurators,972] - class org.flowable.eventregistry.spring.configurator.SpringEventRegistryConfigurator (priority:100000)
12:06:01.258 [restartedMain] INFO  o.f.s.SpringProcessEngineConfiguration - [initConfigurators,972] - class org.flowable.idm.engine.configurator.IdmEngineConfigurator (priority:150000)
12:06:01.259 [restartedMain] INFO  o.f.s.SpringProcessEngineConfiguration - [configuratorsBeforeInit,998] - Executing beforeInit() of class org.flowable.eventregistry.spring.configurator.SpringEventRegistryConfigurator (priority:100000)
12:06:01.270 [restartedMain] INFO  o.f.s.SpringProcessEngineConfiguration - [configuratorsBeforeInit,998] - Executing beforeInit() of class org.flowable.idm.engine.configurator.IdmEngineConfigurator (priority:150000)
12:06:04.357 [restartedMain] INFO  o.f.s.SpringProcessEngineConfiguration - [configuratorsAfterInit,1005] - Executing configure() of class org.flowable.eventregistry.spring.configurator.SpringEventRegistryConfigurator (priority:100000)
12:06:06.234 [restartedMain] INFO  l.lockservice - [log,23] - Successfully acquired change log lock
12:06:10.486 [restartedMain] INFO  liquibase.changelog - [log,23] - Reading from crm.FLW_EV_DATABASECHANGELOG
12:06:10.805 [restartedMain] INFO  l.lockservice - [log,23] - Successfully released change log lock
12:06:10.862 [restartedMain] INFO  l.lockservice - [log,23] - Successfully acquired change log lock
12:06:10.920 [restartedMain] INFO  l.lockservice - [log,23] - Successfully released change log lock
12:06:10.967 [restartedMain] INFO  o.f.e.i.EventRegistryEngineImpl - [<init>,53] - EventRegistryEngine default created
12:06:10.970 [restartedMain] INFO  o.f.s.SpringProcessEngineConfiguration - [configuratorsAfterInit,1005] - Executing configure() of class org.flowable.idm.engine.configurator.IdmEngineConfigurator (priority:150000)
12:06:11.092 [restartedMain] INFO  o.f.i.e.i.IdmEngineImpl - [<init>,52] - IdmEngine default created
12:06:11.706 [restartedMain] INFO  o.f.e.i.ProcessEngineImpl - [<init>,88] - ProcessEngine default created
12:06:11.844 [restartedMain] INFO  o.f.e.i.c.ValidateV5EntitiesCmd - [execute,43] - Total of v5 deployments found: 0
12:06:13.271 [restartedMain] INFO  o.q.i.StdSchedulerFactory - [instantiate,1220] - Using default implementation for ThreadExecutor
12:06:13.308 [restartedMain] INFO  o.q.c.SchedulerSignalerImpl - [<init>,61] - Initialized Scheduler Signaller of type: class org.quartz.core.SchedulerSignalerImpl
12:06:13.308 [restartedMain] INFO  o.q.c.QuartzScheduler - [<init>,229] - Quartz Scheduler v.2.3.2 created.
12:06:13.311 [restartedMain] INFO  o.q.s.RAMJobStore - [initialize,155] - RAMJobStore initialized.
12:06:13.312 [restartedMain] INFO  o.q.c.QuartzScheduler - [initialize,294] - Scheduler meta-data: Quartz Scheduler (v2.3.2) 'quartzScheduler' with instanceId 'NON_CLUSTERED'
  Scheduler class: 'org.quartz.core.QuartzScheduler' - running locally.
  NOT STARTED.
  Currently in standby mode.
  Number of jobs executed: 0
  Using thread pool 'org.quartz.simpl.SimpleThreadPool' - with 10 threads.
  Using job-store 'org.quartz.simpl.RAMJobStore' - which does not support persistence. and is not clustered.

12:06:13.313 [restartedMain] INFO  o.q.i.StdSchedulerFactory - [instantiate,1374] - Quartz scheduler 'quartzScheduler' initialized from an externally provided properties instance.
12:06:13.313 [restartedMain] INFO  o.q.i.StdSchedulerFactory - [instantiate,1378] - Quartz scheduler version: 2.3.2
12:06:13.314 [restartedMain] INFO  o.q.c.QuartzScheduler - [setJobFactory,2293] - JobFactory set to: org.springframework.scheduling.quartz.SpringBeanJobFactory@1087fddf
12:06:21.195 [restartedMain] INFO  o.f.j.s.i.a.AbstractAsyncExecutor - [start,116] - Starting up the async job executor [org.flowable.spring.job.service.SpringAsyncExecutor].
12:06:21.198 [restartedMain] INFO  o.a.c.h.Http11NioProtocol - [log,173] - Starting ProtocolHandler ["http-nio-8090"]
12:06:21.200 [Thread-9] INFO  o.f.j.s.i.a.AcquireTimerJobsRunnable - [run,50] - starting to acquire async jobs due
12:06:21.200 [Thread-10] INFO  o.f.j.s.i.a.ResetExpiredJobsRunnable - [run,57] - starting to reset expired jobs for engine bpmn
12:06:21.203 [Thread-8] INFO  o.f.j.s.i.a.AcquireAsyncJobsDueRunnable - [run,52] - starting to acquire async jobs due
12:06:23.014 [restartedMain] INFO  o.q.c.QuartzScheduler - [start,547] - Scheduler quartzScheduler_$_NON_CLUSTERED started.
12:06:23.041 [restartedMain] INFO  com.fno.Application - [logStarted,61] - Started Application in 46.576 seconds (JVM running for 48.962)
12:06:26.146 [http-nio-8090-exec-1] INFO  o.a.c.c.C.[.[.[/] - [log,173] - Initializing Spring DispatcherServlet 'dispatcherServlet'
12:11:12.344 [SpringApplicationShutdownHook] INFO  o.q.c.QuartzScheduler - [standby,585] - Scheduler quartzScheduler_$_NON_CLUSTERED paused.
12:11:12.808 [SpringApplicationShutdownHook] INFO  o.q.c.QuartzScheduler - [shutdown,666] - Scheduler quartzScheduler_$_NON_CLUSTERED shutting down.
12:11:12.809 [SpringApplicationShutdownHook] INFO  o.q.c.QuartzScheduler - [standby,585] - Scheduler quartzScheduler_$_NON_CLUSTERED paused.
12:11:12.810 [SpringApplicationShutdownHook] INFO  o.q.c.QuartzScheduler - [shutdown,740] - Scheduler quartzScheduler_$_NON_CLUSTERED shutdown complete.
12:11:12.811 [SpringApplicationShutdownHook] INFO  sys-user - [shutdownAsyncManager,31] - ====关闭后台任务任务线程池====
12:11:12.828 [SpringApplicationShutdownHook] INFO  o.f.j.s.i.a.AbstractAsyncExecutor - [shutdown,166] - Shutting down the async job executor [org.flowable.spring.job.service.SpringAsyncExecutor].
12:11:12.829 [flowable-bpmn-acquire-async-jobs] INFO  o.f.j.s.i.a.AcquireAsyncJobsDueRunnable - [run,79] - stopped async job due acquisition for engine bpmn
12:11:12.829 [flowable-bpmn-acquire-timer-jobs] INFO  o.f.j.s.i.a.AcquireTimerJobsRunnable - [run,116] - stopped async job due acquisition
12:11:12.829 [flowable-bpmn-reset-expired-jobs] INFO  o.f.j.s.i.a.ResetExpiredJobsRunnable - [run,84] - stopped resetting expired jobs for engine bpmn
12:11:12.896 [SpringApplicationShutdownHook] INFO  c.a.d.p.DruidDataSource - [close,2051] - {dataSource-1} closing ...
12:11:12.912 [SpringApplicationShutdownHook] INFO  c.a.d.p.DruidDataSource - [close,2124] - {dataSource-1} closed
12:28:28.967 [restartedMain] INFO  com.fno.Application - [logStarting,55] - Starting Application using Java 1.8.0_291 on LAPTOP-T0DASU3T with PID 70164 (D:\workspace\java\crm\crm-server\fno-admin\target\classes started by 苏 in D:\workspace\java\crm\crm-server)
12:28:28.972 [restartedMain] INFO  com.fno.Application - [logStartupProfileInfo,686] - The following 1 profile is active: "dev"
12:28:28.972 [background-preinit] INFO  o.h.v.i.util.Version - [<clinit>,21] - HV000001: Hibernate Validator 6.2.3.Final
12:28:36.154 [restartedMain] INFO  o.a.c.h.Http11NioProtocol - [log,173] - Initializing ProtocolHandler ["http-nio-8090"]
12:28:36.155 [restartedMain] INFO  o.a.c.c.StandardService - [log,173] - Starting service [Tomcat]
12:28:36.155 [restartedMain] INFO  o.a.c.c.StandardEngine - [log,173] - Starting Servlet engine: [Apache Tomcat/9.0.63]
12:28:36.470 [restartedMain] INFO  o.a.c.c.C.[.[.[/] - [log,173] - Initializing Spring embedded WebApplicationContext
12:28:43.194 [restartedMain] INFO  c.a.d.p.DruidDataSource - [init,972] - {dataSource-1} inited
12:28:46.380 [restartedMain] INFO  o.f.s.b.e.EventRegistryAutoConfiguration - [discoverDeploymentResources,104] - No deployment resources were found for autodeployment
12:28:46.665 [restartedMain] INFO  o.f.s.b.ProcessEngineAutoConfiguration - [discoverDeploymentResources,104] - No deployment resources were found for autodeployment
12:28:47.436 [restartedMain] INFO  o.f.s.SpringProcessEngineConfiguration - [initConfigurators,970] - Found 2 Engine Configurators in total:
12:28:47.438 [restartedMain] INFO  o.f.s.SpringProcessEngineConfiguration - [initConfigurators,972] - class org.flowable.eventregistry.spring.configurator.SpringEventRegistryConfigurator (priority:100000)
12:28:47.438 [restartedMain] INFO  o.f.s.SpringProcessEngineConfiguration - [initConfigurators,972] - class org.flowable.idm.engine.configurator.IdmEngineConfigurator (priority:150000)
12:28:47.438 [restartedMain] INFO  o.f.s.SpringProcessEngineConfiguration - [configuratorsBeforeInit,998] - Executing beforeInit() of class org.flowable.eventregistry.spring.configurator.SpringEventRegistryConfigurator (priority:100000)
12:28:47.446 [restartedMain] INFO  o.f.s.SpringProcessEngineConfiguration - [configuratorsBeforeInit,998] - Executing beforeInit() of class org.flowable.idm.engine.configurator.IdmEngineConfigurator (priority:150000)
12:28:48.746 [restartedMain] INFO  o.f.s.SpringProcessEngineConfiguration - [configuratorsAfterInit,1005] - Executing configure() of class org.flowable.eventregistry.spring.configurator.SpringEventRegistryConfigurator (priority:100000)
12:28:50.355 [restartedMain] INFO  l.lockservice - [log,23] - Successfully acquired change log lock
12:28:53.251 [restartedMain] INFO  liquibase.changelog - [log,23] - Reading from crm.FLW_EV_DATABASECHANGELOG
12:28:53.377 [restartedMain] INFO  l.lockservice - [log,23] - Successfully released change log lock
12:28:53.433 [restartedMain] INFO  l.lockservice - [log,23] - Successfully acquired change log lock
12:28:53.476 [restartedMain] INFO  l.lockservice - [log,23] - Successfully released change log lock
12:28:53.509 [restartedMain] INFO  o.f.e.i.EventRegistryEngineImpl - [<init>,53] - EventRegistryEngine default created
12:28:53.512 [restartedMain] INFO  o.f.s.SpringProcessEngineConfiguration - [configuratorsAfterInit,1005] - Executing configure() of class org.flowable.idm.engine.configurator.IdmEngineConfigurator (priority:150000)
12:28:53.606 [restartedMain] INFO  o.f.i.e.i.IdmEngineImpl - [<init>,52] - IdmEngine default created
12:28:54.195 [restartedMain] INFO  o.f.e.i.ProcessEngineImpl - [<init>,88] - ProcessEngine default created
12:28:54.259 [restartedMain] INFO  o.f.e.i.c.ValidateV5EntitiesCmd - [execute,43] - Total of v5 deployments found: 0
12:28:55.349 [restartedMain] INFO  o.q.i.StdSchedulerFactory - [instantiate,1220] - Using default implementation for ThreadExecutor
12:28:55.383 [restartedMain] INFO  o.q.c.SchedulerSignalerImpl - [<init>,61] - Initialized Scheduler Signaller of type: class org.quartz.core.SchedulerSignalerImpl
12:28:55.384 [restartedMain] INFO  o.q.c.QuartzScheduler - [<init>,229] - Quartz Scheduler v.2.3.2 created.
12:28:55.386 [restartedMain] INFO  o.q.s.RAMJobStore - [initialize,155] - RAMJobStore initialized.
12:28:55.389 [restartedMain] INFO  o.q.c.QuartzScheduler - [initialize,294] - Scheduler meta-data: Quartz Scheduler (v2.3.2) 'quartzScheduler' with instanceId 'NON_CLUSTERED'
  Scheduler class: 'org.quartz.core.QuartzScheduler' - running locally.
  NOT STARTED.
  Currently in standby mode.
  Number of jobs executed: 0
  Using thread pool 'org.quartz.simpl.SimpleThreadPool' - with 10 threads.
  Using job-store 'org.quartz.simpl.RAMJobStore' - which does not support persistence. and is not clustered.

12:28:55.389 [restartedMain] INFO  o.q.i.StdSchedulerFactory - [instantiate,1374] - Quartz scheduler 'quartzScheduler' initialized from an externally provided properties instance.
12:28:55.389 [restartedMain] INFO  o.q.i.StdSchedulerFactory - [instantiate,1378] - Quartz scheduler version: 2.3.2
12:28:55.390 [restartedMain] INFO  o.q.c.QuartzScheduler - [setJobFactory,2293] - JobFactory set to: org.springframework.scheduling.quartz.SpringBeanJobFactory@2bfa1adc
12:29:00.594 [restartedMain] INFO  o.f.j.s.i.a.AbstractAsyncExecutor - [start,116] - Starting up the async job executor [org.flowable.spring.job.service.SpringAsyncExecutor].
12:29:00.595 [Thread-9] INFO  o.f.j.s.i.a.AcquireTimerJobsRunnable - [run,50] - starting to acquire async jobs due
12:29:00.595 [restartedMain] INFO  o.a.c.h.Http11NioProtocol - [log,173] - Starting ProtocolHandler ["http-nio-8090"]
12:29:00.595 [Thread-10] INFO  o.f.j.s.i.a.ResetExpiredJobsRunnable - [run,57] - starting to reset expired jobs for engine bpmn
12:29:00.595 [Thread-8] INFO  o.f.j.s.i.a.AcquireAsyncJobsDueRunnable - [run,52] - starting to acquire async jobs due
12:29:01.977 [restartedMain] INFO  o.q.c.QuartzScheduler - [start,547] - Scheduler quartzScheduler_$_NON_CLUSTERED started.
12:29:01.990 [restartedMain] INFO  com.fno.Application - [logStarted,61] - Started Application in 33.943 seconds (JVM running for 36.017)
12:29:11.972 [http-nio-8090-exec-4] INFO  o.a.c.c.C.[.[.[/] - [log,173] - Initializing Spring DispatcherServlet 'dispatcherServlet'
14:21:58.675 [SpringApplicationShutdownHook] INFO  o.q.c.QuartzScheduler - [standby,585] - Scheduler quartzScheduler_$_NON_CLUSTERED paused.
14:21:59.181 [SpringApplicationShutdownHook] INFO  o.q.c.QuartzScheduler - [shutdown,666] - Scheduler quartzScheduler_$_NON_CLUSTERED shutting down.
14:21:59.181 [SpringApplicationShutdownHook] INFO  o.q.c.QuartzScheduler - [standby,585] - Scheduler quartzScheduler_$_NON_CLUSTERED paused.
14:21:59.183 [SpringApplicationShutdownHook] INFO  o.q.c.QuartzScheduler - [shutdown,740] - Scheduler quartzScheduler_$_NON_CLUSTERED shutdown complete.
14:21:59.184 [SpringApplicationShutdownHook] INFO  sys-user - [shutdownAsyncManager,31] - ====关闭后台任务任务线程池====
14:21:59.199 [SpringApplicationShutdownHook] INFO  o.f.j.s.i.a.AbstractAsyncExecutor - [shutdown,166] - Shutting down the async job executor [org.flowable.spring.job.service.SpringAsyncExecutor].
14:21:59.200 [flowable-bpmn-reset-expired-jobs] INFO  o.f.j.s.i.a.ResetExpiredJobsRunnable - [run,84] - stopped resetting expired jobs for engine bpmn
14:21:59.200 [flowable-bpmn-acquire-timer-jobs] INFO  o.f.j.s.i.a.AcquireTimerJobsRunnable - [run,116] - stopped async job due acquisition
14:21:59.200 [flowable-bpmn-acquire-async-jobs] INFO  o.f.j.s.i.a.AcquireAsyncJobsDueRunnable - [run,79] - stopped async job due acquisition for engine bpmn
14:21:59.271 [SpringApplicationShutdownHook] INFO  c.a.d.p.DruidDataSource - [close,2051] - {dataSource-1} closing ...
14:21:59.297 [SpringApplicationShutdownHook] INFO  c.a.d.p.DruidDataSource - [close,2124] - {dataSource-1} closed
14:22:22.077 [background-preinit] INFO  o.h.v.i.util.Version - [<clinit>,21] - HV000001: Hibernate Validator 6.2.3.Final
14:22:22.071 [restartedMain] INFO  com.fno.Application - [logStarting,55] - Starting Application using Java 1.8.0_291 on LAPTOP-T0DASU3T with PID 59820 (D:\workspace\java\crm\crm-server\fno-admin\target\classes started by 苏 in D:\workspace\java\crm\crm-server)
14:22:22.080 [restartedMain] INFO  com.fno.Application - [logStartupProfileInfo,686] - The following 1 profile is active: "dev"
14:22:28.978 [restartedMain] INFO  o.a.c.h.Http11NioProtocol - [log,173] - Initializing ProtocolHandler ["http-nio-8090"]
14:22:28.979 [restartedMain] INFO  o.a.c.c.StandardService - [log,173] - Starting service [Tomcat]
14:22:28.980 [restartedMain] INFO  o.a.c.c.StandardEngine - [log,173] - Starting Servlet engine: [Apache Tomcat/9.0.63]
14:22:29.302 [restartedMain] INFO  o.a.c.c.C.[.[.[/] - [log,173] - Initializing Spring embedded WebApplicationContext
14:22:36.515 [restartedMain] INFO  c.a.d.p.DruidDataSource - [init,972] - {dataSource-1} inited
14:22:40.136 [restartedMain] INFO  o.f.s.b.e.EventRegistryAutoConfiguration - [discoverDeploymentResources,104] - No deployment resources were found for autodeployment
14:22:40.403 [restartedMain] INFO  o.f.s.b.ProcessEngineAutoConfiguration - [discoverDeploymentResources,104] - No deployment resources were found for autodeployment
14:22:41.155 [restartedMain] INFO  o.f.s.SpringProcessEngineConfiguration - [initConfigurators,970] - Found 2 Engine Configurators in total:
14:22:41.159 [restartedMain] INFO  o.f.s.SpringProcessEngineConfiguration - [initConfigurators,972] - class org.flowable.eventregistry.spring.configurator.SpringEventRegistryConfigurator (priority:100000)
14:22:41.160 [restartedMain] INFO  o.f.s.SpringProcessEngineConfiguration - [initConfigurators,972] - class org.flowable.idm.engine.configurator.IdmEngineConfigurator (priority:150000)
14:22:41.161 [restartedMain] INFO  o.f.s.SpringProcessEngineConfiguration - [configuratorsBeforeInit,998] - Executing beforeInit() of class org.flowable.eventregistry.spring.configurator.SpringEventRegistryConfigurator (priority:100000)
14:22:41.170 [restartedMain] INFO  o.f.s.SpringProcessEngineConfiguration - [configuratorsBeforeInit,998] - Executing beforeInit() of class org.flowable.idm.engine.configurator.IdmEngineConfigurator (priority:150000)
14:22:42.645 [restartedMain] INFO  o.f.s.SpringProcessEngineConfiguration - [configuratorsAfterInit,1005] - Executing configure() of class org.flowable.eventregistry.spring.configurator.SpringEventRegistryConfigurator (priority:100000)
14:22:43.930 [restartedMain] INFO  l.lockservice - [log,23] - Successfully acquired change log lock
14:22:47.306 [restartedMain] INFO  liquibase.changelog - [log,23] - Reading from crm.FLW_EV_DATABASECHANGELOG
14:22:47.486 [restartedMain] INFO  l.lockservice - [log,23] - Successfully released change log lock
14:22:47.550 [restartedMain] INFO  l.lockservice - [log,23] - Successfully acquired change log lock
14:22:47.617 [restartedMain] INFO  l.lockservice - [log,23] - Successfully released change log lock
14:22:47.655 [restartedMain] INFO  o.f.e.i.EventRegistryEngineImpl - [<init>,53] - EventRegistryEngine default created
14:22:47.663 [restartedMain] INFO  o.f.s.SpringProcessEngineConfiguration - [configuratorsAfterInit,1005] - Executing configure() of class org.flowable.idm.engine.configurator.IdmEngineConfigurator (priority:150000)
14:22:47.821 [restartedMain] INFO  o.f.i.e.i.IdmEngineImpl - [<init>,52] - IdmEngine default created
14:22:48.469 [restartedMain] INFO  o.f.e.i.ProcessEngineImpl - [<init>,88] - ProcessEngine default created
14:22:48.568 [restartedMain] INFO  o.f.e.i.c.ValidateV5EntitiesCmd - [execute,43] - Total of v5 deployments found: 0
14:22:49.584 [restartedMain] INFO  o.q.i.StdSchedulerFactory - [instantiate,1220] - Using default implementation for ThreadExecutor
14:22:49.621 [restartedMain] INFO  o.q.c.SchedulerSignalerImpl - [<init>,61] - Initialized Scheduler Signaller of type: class org.quartz.core.SchedulerSignalerImpl
14:22:49.621 [restartedMain] INFO  o.q.c.QuartzScheduler - [<init>,229] - Quartz Scheduler v.2.3.2 created.
14:22:49.624 [restartedMain] INFO  o.q.s.RAMJobStore - [initialize,155] - RAMJobStore initialized.
14:22:49.626 [restartedMain] INFO  o.q.c.QuartzScheduler - [initialize,294] - Scheduler meta-data: Quartz Scheduler (v2.3.2) 'quartzScheduler' with instanceId 'NON_CLUSTERED'
  Scheduler class: 'org.quartz.core.QuartzScheduler' - running locally.
  NOT STARTED.
  Currently in standby mode.
  Number of jobs executed: 0
  Using thread pool 'org.quartz.simpl.SimpleThreadPool' - with 10 threads.
  Using job-store 'org.quartz.simpl.RAMJobStore' - which does not support persistence. and is not clustered.

14:22:49.626 [restartedMain] INFO  o.q.i.StdSchedulerFactory - [instantiate,1374] - Quartz scheduler 'quartzScheduler' initialized from an externally provided properties instance.
14:22:49.626 [restartedMain] INFO  o.q.i.StdSchedulerFactory - [instantiate,1378] - Quartz scheduler version: 2.3.2
14:22:49.626 [restartedMain] INFO  o.q.c.QuartzScheduler - [setJobFactory,2293] - JobFactory set to: org.springframework.scheduling.quartz.SpringBeanJobFactory@5d68c97d
14:22:55.194 [restartedMain] INFO  o.f.j.s.i.a.AbstractAsyncExecutor - [start,116] - Starting up the async job executor [org.flowable.spring.job.service.SpringAsyncExecutor].
14:22:55.197 [restartedMain] INFO  o.a.c.h.Http11NioProtocol - [log,173] - Starting ProtocolHandler ["http-nio-8090"]
14:22:55.201 [Thread-9] INFO  o.f.j.s.i.a.AcquireTimerJobsRunnable - [run,50] - starting to acquire async jobs due
14:22:55.203 [Thread-8] INFO  o.f.j.s.i.a.AcquireAsyncJobsDueRunnable - [run,52] - starting to acquire async jobs due
14:22:55.203 [Thread-10] INFO  o.f.j.s.i.a.ResetExpiredJobsRunnable - [run,57] - starting to reset expired jobs for engine bpmn
14:22:56.857 [restartedMain] INFO  o.q.c.QuartzScheduler - [start,547] - Scheduler quartzScheduler_$_NON_CLUSTERED started.
14:22:56.872 [restartedMain] INFO  com.fno.Application - [logStarted,61] - Started Application in 35.931 seconds (JVM running for 37.917)
14:22:59.679 [http-nio-8090-exec-2] INFO  o.a.c.c.C.[.[.[/] - [log,173] - Initializing Spring DispatcherServlet 'dispatcherServlet'
14:27:19.765 [schedule-pool-1] INFO  sys-user - [run,60] - [127.0.0.1]内网IP[admin][Success][登录成功][1]
18:20:01.814 [SpringApplicationShutdownHook] INFO  o.q.c.QuartzScheduler - [standby,585] - Scheduler quartzScheduler_$_NON_CLUSTERED paused.
18:20:02.665 [SpringApplicationShutdownHook] INFO  o.q.c.QuartzScheduler - [shutdown,666] - Scheduler quartzScheduler_$_NON_CLUSTERED shutting down.
18:20:02.667 [SpringApplicationShutdownHook] INFO  o.q.c.QuartzScheduler - [standby,585] - Scheduler quartzScheduler_$_NON_CLUSTERED paused.
18:20:02.672 [SpringApplicationShutdownHook] INFO  o.q.c.QuartzScheduler - [shutdown,740] - Scheduler quartzScheduler_$_NON_CLUSTERED shutdown complete.
18:20:02.680 [SpringApplicationShutdownHook] INFO  sys-user - [shutdownAsyncManager,31] - ====关闭后台任务任务线程池====
18:20:02.698 [SpringApplicationShutdownHook] INFO  o.f.j.s.i.a.AbstractAsyncExecutor - [shutdown,166] - Shutting down the async job executor [org.flowable.spring.job.service.SpringAsyncExecutor].
18:20:02.702 [flowable-bpmn-acquire-timer-jobs] INFO  o.f.j.s.i.a.AcquireTimerJobsRunnable - [run,116] - stopped async job due acquisition
18:20:02.702 [flowable-bpmn-reset-expired-jobs] INFO  o.f.j.s.i.a.ResetExpiredJobsRunnable - [run,84] - stopped resetting expired jobs for engine bpmn
18:20:02.702 [flowable-bpmn-acquire-async-jobs] INFO  o.f.j.s.i.a.AcquireAsyncJobsDueRunnable - [run,79] - stopped async job due acquisition for engine bpmn
18:20:02.805 [SpringApplicationShutdownHook] INFO  c.a.d.p.DruidDataSource - [close,2051] - {dataSource-1} closing ...
18:20:02.882 [SpringApplicationShutdownHook] INFO  c.a.d.p.DruidDataSource - [close,2124] - {dataSource-1} closed
18:20:37.490 [background-preinit] INFO  o.h.v.i.util.Version - [<clinit>,21] - HV000001: Hibernate Validator 6.2.3.Final
18:20:37.490 [restartedMain] INFO  com.fno.Application - [logStarting,55] - Starting Application using Java 1.8.0_291 on LAPTOP-T0DASU3T with PID 72408 (D:\workspace\java\crm\crm-server\fno-admin\target\classes started by 苏 in D:\workspace\java\crm\crm-server)
18:20:37.499 [restartedMain] INFO  com.fno.Application - [logStartupProfileInfo,686] - The following 1 profile is active: "dev"
18:20:46.608 [restartedMain] INFO  o.a.c.h.Http11NioProtocol - [log,173] - Initializing ProtocolHandler ["http-nio-8090"]
18:20:46.609 [restartedMain] INFO  o.a.c.c.StandardService - [log,173] - Starting service [Tomcat]
18:20:46.610 [restartedMain] INFO  o.a.c.c.StandardEngine - [log,173] - Starting Servlet engine: [Apache Tomcat/9.0.63]
18:20:47.002 [restartedMain] INFO  o.a.c.c.C.[.[.[/] - [log,173] - Initializing Spring embedded WebApplicationContext
18:20:55.126 [restartedMain] INFO  c.a.d.p.DruidDataSource - [init,972] - {dataSource-1} inited
18:20:58.502 [restartedMain] INFO  o.f.s.b.e.EventRegistryAutoConfiguration - [discoverDeploymentResources,104] - No deployment resources were found for autodeployment
18:20:58.969 [restartedMain] INFO  o.f.s.b.ProcessEngineAutoConfiguration - [discoverDeploymentResources,104] - No deployment resources were found for autodeployment
18:20:59.824 [restartedMain] INFO  o.f.s.SpringProcessEngineConfiguration - [initConfigurators,970] - Found 2 Engine Configurators in total:
18:20:59.831 [restartedMain] INFO  o.f.s.SpringProcessEngineConfiguration - [initConfigurators,972] - class org.flowable.eventregistry.spring.configurator.SpringEventRegistryConfigurator (priority:100000)
18:20:59.831 [restartedMain] INFO  o.f.s.SpringProcessEngineConfiguration - [initConfigurators,972] - class org.flowable.idm.engine.configurator.IdmEngineConfigurator (priority:150000)
18:20:59.831 [restartedMain] INFO  o.f.s.SpringProcessEngineConfiguration - [configuratorsBeforeInit,998] - Executing beforeInit() of class org.flowable.eventregistry.spring.configurator.SpringEventRegistryConfigurator (priority:100000)
18:20:59.839 [restartedMain] INFO  o.f.s.SpringProcessEngineConfiguration - [configuratorsBeforeInit,998] - Executing beforeInit() of class org.flowable.idm.engine.configurator.IdmEngineConfigurator (priority:150000)
18:21:04.550 [restartedMain] INFO  o.f.s.SpringProcessEngineConfiguration - [configuratorsAfterInit,1005] - Executing configure() of class org.flowable.eventregistry.spring.configurator.SpringEventRegistryConfigurator (priority:100000)
18:21:06.060 [restartedMain] INFO  l.lockservice - [log,23] - Successfully acquired change log lock
18:21:11.582 [restartedMain] INFO  liquibase.changelog - [log,23] - Reading from crm.FLW_EV_DATABASECHANGELOG
18:21:11.820 [restartedMain] INFO  l.lockservice - [log,23] - Successfully released change log lock
18:21:11.891 [restartedMain] INFO  l.lockservice - [log,23] - Successfully acquired change log lock
18:21:11.970 [restartedMain] INFO  l.lockservice - [log,23] - Successfully released change log lock
18:21:12.014 [restartedMain] INFO  o.f.e.i.EventRegistryEngineImpl - [<init>,53] - EventRegistryEngine default created
18:21:12.022 [restartedMain] INFO  o.f.s.SpringProcessEngineConfiguration - [configuratorsAfterInit,1005] - Executing configure() of class org.flowable.idm.engine.configurator.IdmEngineConfigurator (priority:150000)
18:21:12.244 [restartedMain] INFO  o.f.i.e.i.IdmEngineImpl - [<init>,52] - IdmEngine default created
18:21:12.844 [restartedMain] INFO  o.f.e.i.ProcessEngineImpl - [<init>,88] - ProcessEngine default created
18:21:12.946 [restartedMain] INFO  o.f.e.i.c.ValidateV5EntitiesCmd - [execute,43] - Total of v5 deployments found: 0
18:21:14.199 [restartedMain] INFO  o.q.i.StdSchedulerFactory - [instantiate,1220] - Using default implementation for ThreadExecutor
18:21:14.260 [restartedMain] INFO  o.q.c.SchedulerSignalerImpl - [<init>,61] - Initialized Scheduler Signaller of type: class org.quartz.core.SchedulerSignalerImpl
18:21:14.261 [restartedMain] INFO  o.q.c.QuartzScheduler - [<init>,229] - Quartz Scheduler v.2.3.2 created.
18:21:14.264 [restartedMain] INFO  o.q.s.RAMJobStore - [initialize,155] - RAMJobStore initialized.
18:21:14.266 [restartedMain] INFO  o.q.c.QuartzScheduler - [initialize,294] - Scheduler meta-data: Quartz Scheduler (v2.3.2) 'quartzScheduler' with instanceId 'NON_CLUSTERED'
  Scheduler class: 'org.quartz.core.QuartzScheduler' - running locally.
  NOT STARTED.
  Currently in standby mode.
  Number of jobs executed: 0
  Using thread pool 'org.quartz.simpl.SimpleThreadPool' - with 10 threads.
  Using job-store 'org.quartz.simpl.RAMJobStore' - which does not support persistence. and is not clustered.

18:21:14.267 [restartedMain] INFO  o.q.i.StdSchedulerFactory - [instantiate,1374] - Quartz scheduler 'quartzScheduler' initialized from an externally provided properties instance.
18:21:14.267 [restartedMain] INFO  o.q.i.StdSchedulerFactory - [instantiate,1378] - Quartz scheduler version: 2.3.2
18:21:14.268 [restartedMain] INFO  o.q.c.QuartzScheduler - [setJobFactory,2293] - JobFactory set to: org.springframework.scheduling.quartz.SpringBeanJobFactory@2a504f45
18:21:20.232 [restartedMain] INFO  o.f.j.s.i.a.AbstractAsyncExecutor - [start,116] - Starting up the async job executor [org.flowable.spring.job.service.SpringAsyncExecutor].
18:21:20.234 [Thread-9] INFO  o.f.j.s.i.a.AcquireTimerJobsRunnable - [run,50] - starting to acquire async jobs due
18:21:20.234 [Thread-10] INFO  o.f.j.s.i.a.ResetExpiredJobsRunnable - [run,57] - starting to reset expired jobs for engine bpmn
18:21:20.234 [restartedMain] INFO  o.a.c.h.Http11NioProtocol - [log,173] - Starting ProtocolHandler ["http-nio-8090"]
18:21:20.234 [Thread-8] INFO  o.f.j.s.i.a.AcquireAsyncJobsDueRunnable - [run,52] - starting to acquire async jobs due
18:21:22.041 [restartedMain] INFO  o.q.c.QuartzScheduler - [start,547] - Scheduler quartzScheduler_$_NON_CLUSTERED started.
18:21:22.069 [restartedMain] INFO  com.fno.Application - [logStarted,61] - Started Application in 46.038 seconds (JVM running for 48.885)
18:21:35.661 [http-nio-8090-exec-1] INFO  o.a.c.c.C.[.[.[/] - [log,173] - Initializing Spring DispatcherServlet 'dispatcherServlet'
18:57:01.164 [SpringApplicationShutdownHook] INFO  o.q.c.QuartzScheduler - [standby,585] - Scheduler quartzScheduler_$_NON_CLUSTERED paused.
18:57:01.487 [SpringApplicationShutdownHook] INFO  o.q.c.QuartzScheduler - [shutdown,666] - Scheduler quartzScheduler_$_NON_CLUSTERED shutting down.
18:57:01.489 [SpringApplicationShutdownHook] INFO  o.q.c.QuartzScheduler - [standby,585] - Scheduler quartzScheduler_$_NON_CLUSTERED paused.
18:57:01.490 [SpringApplicationShutdownHook] INFO  o.q.c.QuartzScheduler - [shutdown,740] - Scheduler quartzScheduler_$_NON_CLUSTERED shutdown complete.
18:57:01.491 [SpringApplicationShutdownHook] INFO  sys-user - [shutdownAsyncManager,31] - ====关闭后台任务任务线程池====
18:57:01.507 [SpringApplicationShutdownHook] INFO  o.f.j.s.i.a.AbstractAsyncExecutor - [shutdown,166] - Shutting down the async job executor [org.flowable.spring.job.service.SpringAsyncExecutor].
18:57:01.510 [flowable-bpmn-acquire-timer-jobs] INFO  o.f.j.s.i.a.AcquireTimerJobsRunnable - [run,116] - stopped async job due acquisition
18:57:01.510 [flowable-bpmn-acquire-async-jobs] INFO  o.f.j.s.i.a.AcquireAsyncJobsDueRunnable - [run,79] - stopped async job due acquisition for engine bpmn
18:57:01.510 [flowable-bpmn-reset-expired-jobs] INFO  o.f.j.s.i.a.ResetExpiredJobsRunnable - [run,84] - stopped resetting expired jobs for engine bpmn
18:57:01.580 [SpringApplicationShutdownHook] INFO  c.a.d.p.DruidDataSource - [close,2051] - {dataSource-1} closing ...
18:57:01.600 [SpringApplicationShutdownHook] INFO  c.a.d.p.DruidDataSource - [close,2124] - {dataSource-1} closed
19:51:02.251 [background-preinit] INFO  o.h.v.i.util.Version - [<clinit>,21] - HV000001: Hibernate Validator 6.2.3.Final
19:51:02.250 [restartedMain] INFO  com.fno.Application - [logStarting,55] - Starting Application using Java 1.8.0_291 on LAPTOP-T0DASU3T with PID 65612 (D:\workspace\java\crm\crm-server\fno-admin\target\classes started by 苏 in D:\workspace\java\crm\crm-server)
19:51:02.260 [restartedMain] INFO  com.fno.Application - [logStartupProfileInfo,686] - The following 1 profile is active: "dev"
19:51:09.461 [restartedMain] INFO  o.a.c.h.Http11NioProtocol - [log,173] - Initializing ProtocolHandler ["http-nio-8090"]
19:51:09.463 [restartedMain] INFO  o.a.c.c.StandardService - [log,173] - Starting service [Tomcat]
19:51:09.463 [restartedMain] INFO  o.a.c.c.StandardEngine - [log,173] - Starting Servlet engine: [Apache Tomcat/9.0.63]
19:51:09.792 [restartedMain] INFO  o.a.c.c.C.[.[.[/] - [log,173] - Initializing Spring embedded WebApplicationContext
19:51:16.243 [restartedMain] INFO  c.a.d.p.DruidDataSource - [init,972] - {dataSource-1} inited
19:51:19.142 [restartedMain] INFO  o.f.s.b.e.EventRegistryAutoConfiguration - [discoverDeploymentResources,104] - No deployment resources were found for autodeployment
19:51:19.505 [restartedMain] INFO  o.f.s.b.ProcessEngineAutoConfiguration - [discoverDeploymentResources,104] - No deployment resources were found for autodeployment
19:51:21.439 [restartedMain] INFO  o.f.s.SpringProcessEngineConfiguration - [initConfigurators,970] - Found 2 Engine Configurators in total:
19:51:21.441 [restartedMain] INFO  o.f.s.SpringProcessEngineConfiguration - [initConfigurators,972] - class org.flowable.eventregistry.spring.configurator.SpringEventRegistryConfigurator (priority:100000)
19:51:21.442 [restartedMain] INFO  o.f.s.SpringProcessEngineConfiguration - [initConfigurators,972] - class org.flowable.idm.engine.configurator.IdmEngineConfigurator (priority:150000)
19:51:21.444 [restartedMain] INFO  o.f.s.SpringProcessEngineConfiguration - [configuratorsBeforeInit,998] - Executing beforeInit() of class org.flowable.eventregistry.spring.configurator.SpringEventRegistryConfigurator (priority:100000)
19:51:21.453 [restartedMain] INFO  o.f.s.SpringProcessEngineConfiguration - [configuratorsBeforeInit,998] - Executing beforeInit() of class org.flowable.idm.engine.configurator.IdmEngineConfigurator (priority:150000)
19:51:23.887 [restartedMain] INFO  o.f.s.SpringProcessEngineConfiguration - [configuratorsAfterInit,1005] - Executing configure() of class org.flowable.eventregistry.spring.configurator.SpringEventRegistryConfigurator (priority:100000)
19:51:25.374 [restartedMain] INFO  l.lockservice - [log,23] - Successfully acquired change log lock
19:51:30.602 [restartedMain] INFO  liquibase.changelog - [log,23] - Reading from crm.FLW_EV_DATABASECHANGELOG
19:51:30.819 [restartedMain] INFO  l.lockservice - [log,23] - Successfully released change log lock
19:51:30.883 [restartedMain] INFO  l.lockservice - [log,23] - Successfully acquired change log lock
19:51:30.937 [restartedMain] INFO  l.lockservice - [log,23] - Successfully released change log lock
19:51:30.976 [restartedMain] INFO  o.f.e.i.EventRegistryEngineImpl - [<init>,53] - EventRegistryEngine default created
19:51:30.984 [restartedMain] INFO  o.f.s.SpringProcessEngineConfiguration - [configuratorsAfterInit,1005] - Executing configure() of class org.flowable.idm.engine.configurator.IdmEngineConfigurator (priority:150000)
19:51:31.153 [restartedMain] INFO  o.f.i.e.i.IdmEngineImpl - [<init>,52] - IdmEngine default created
19:51:31.794 [restartedMain] INFO  o.f.e.i.ProcessEngineImpl - [<init>,88] - ProcessEngine default created
19:51:31.920 [restartedMain] INFO  o.f.e.i.c.ValidateV5EntitiesCmd - [execute,43] - Total of v5 deployments found: 0
19:51:33.336 [restartedMain] INFO  o.q.i.StdSchedulerFactory - [instantiate,1220] - Using default implementation for ThreadExecutor
19:51:33.378 [restartedMain] INFO  o.q.c.SchedulerSignalerImpl - [<init>,61] - Initialized Scheduler Signaller of type: class org.quartz.core.SchedulerSignalerImpl
19:51:33.378 [restartedMain] INFO  o.q.c.QuartzScheduler - [<init>,229] - Quartz Scheduler v.2.3.2 created.
19:51:33.381 [restartedMain] INFO  o.q.s.RAMJobStore - [initialize,155] - RAMJobStore initialized.
19:51:33.384 [restartedMain] INFO  o.q.c.QuartzScheduler - [initialize,294] - Scheduler meta-data: Quartz Scheduler (v2.3.2) 'quartzScheduler' with instanceId 'NON_CLUSTERED'
  Scheduler class: 'org.quartz.core.QuartzScheduler' - running locally.
  NOT STARTED.
  Currently in standby mode.
  Number of jobs executed: 0
  Using thread pool 'org.quartz.simpl.SimpleThreadPool' - with 10 threads.
  Using job-store 'org.quartz.simpl.RAMJobStore' - which does not support persistence. and is not clustered.

19:51:33.384 [restartedMain] INFO  o.q.i.StdSchedulerFactory - [instantiate,1374] - Quartz scheduler 'quartzScheduler' initialized from an externally provided properties instance.
19:51:33.385 [restartedMain] INFO  o.q.i.StdSchedulerFactory - [instantiate,1378] - Quartz scheduler version: 2.3.2
19:51:33.385 [restartedMain] INFO  o.q.c.QuartzScheduler - [setJobFactory,2293] - JobFactory set to: org.springframework.scheduling.quartz.SpringBeanJobFactory@2b9bfb6
19:51:42.464 [restartedMain] INFO  o.f.j.s.i.a.AbstractAsyncExecutor - [start,116] - Starting up the async job executor [org.flowable.spring.job.service.SpringAsyncExecutor].
19:51:42.466 [Thread-10] INFO  o.f.j.s.i.a.ResetExpiredJobsRunnable - [run,57] - starting to reset expired jobs for engine bpmn
19:51:42.466 [Thread-8] INFO  o.f.j.s.i.a.AcquireAsyncJobsDueRunnable - [run,52] - starting to acquire async jobs due
19:51:42.466 [Thread-9] INFO  o.f.j.s.i.a.AcquireTimerJobsRunnable - [run,50] - starting to acquire async jobs due
19:51:42.468 [restartedMain] INFO  o.a.c.h.Http11NioProtocol - [log,173] - Starting ProtocolHandler ["http-nio-8090"]
19:51:45.352 [restartedMain] INFO  o.q.c.QuartzScheduler - [start,547] - Scheduler quartzScheduler_$_NON_CLUSTERED started.
19:51:45.374 [restartedMain] INFO  com.fno.Application - [logStarted,61] - Started Application in 44.502 seconds (JVM running for 47.399)
19:53:33.197 [http-nio-8090-exec-3] INFO  o.a.c.c.C.[.[.[/] - [log,173] - Initializing Spring DispatcherServlet 'dispatcherServlet'
19:53:48.369 [schedule-pool-1] INFO  sys-user - [run,60] - [127.0.0.1]内网IP[admin][Success][登录成功][1]
23:04:12.635 [SpringApplicationShutdownHook] INFO  o.q.c.QuartzScheduler - [standby,585] - Scheduler quartzScheduler_$_NON_CLUSTERED paused.
23:04:13.200 [SpringApplicationShutdownHook] INFO  o.q.c.QuartzScheduler - [shutdown,666] - Scheduler quartzScheduler_$_NON_CLUSTERED shutting down.
23:04:13.206 [SpringApplicationShutdownHook] INFO  o.q.c.QuartzScheduler - [standby,585] - Scheduler quartzScheduler_$_NON_CLUSTERED paused.
23:04:13.208 [SpringApplicationShutdownHook] INFO  o.q.c.QuartzScheduler - [shutdown,740] - Scheduler quartzScheduler_$_NON_CLUSTERED shutdown complete.
23:04:13.212 [SpringApplicationShutdownHook] INFO  sys-user - [shutdownAsyncManager,31] - ====关闭后台任务任务线程池====
23:04:13.228 [SpringApplicationShutdownHook] INFO  o.f.j.s.i.a.AbstractAsyncExecutor - [shutdown,166] - Shutting down the async job executor [org.flowable.spring.job.service.SpringAsyncExecutor].
23:04:13.231 [flowable-bpmn-acquire-timer-jobs] INFO  o.f.j.s.i.a.AcquireTimerJobsRunnable - [run,116] - stopped async job due acquisition
23:04:13.231 [flowable-bpmn-acquire-async-jobs] INFO  o.f.j.s.i.a.AcquireAsyncJobsDueRunnable - [run,79] - stopped async job due acquisition for engine bpmn
23:04:13.231 [flowable-bpmn-reset-expired-jobs] INFO  o.f.j.s.i.a.ResetExpiredJobsRunnable - [run,84] - stopped resetting expired jobs for engine bpmn
23:04:13.332 [SpringApplicationShutdownHook] INFO  c.a.d.p.DruidDataSource - [close,2051] - {dataSource-1} closing ...
23:04:13.380 [SpringApplicationShutdownHook] INFO  c.a.d.p.DruidDataSource - [close,2124] - {dataSource-1} closed
23:04:28.429 [restartedMain] INFO  com.fno.Application - [logStarting,55] - Starting Application using Java 1.8.0_291 on LAPTOP-T0DASU3T with PID 83300 (D:\workspace\java\crm\crm-server\fno-admin\target\classes started by 苏 in D:\workspace\java\crm\crm-server)
23:04:28.429 [background-preinit] INFO  o.h.v.i.util.Version - [<clinit>,21] - HV000001: Hibernate Validator 6.2.3.Final
23:04:28.435 [restartedMain] INFO  com.fno.Application - [logStartupProfileInfo,686] - The following 1 profile is active: "dev"
23:04:39.040 [restartedMain] INFO  o.a.c.h.Http11NioProtocol - [log,173] - Initializing ProtocolHandler ["http-nio-8090"]
23:04:39.041 [restartedMain] INFO  o.a.c.c.StandardService - [log,173] - Starting service [Tomcat]
23:04:39.042 [restartedMain] INFO  o.a.c.c.StandardEngine - [log,173] - Starting Servlet engine: [Apache Tomcat/9.0.63]
23:04:39.405 [restartedMain] INFO  o.a.c.c.C.[.[.[/] - [log,173] - Initializing Spring embedded WebApplicationContext
23:04:46.885 [restartedMain] INFO  c.a.d.p.DruidDataSource - [init,972] - {dataSource-1} inited
23:04:50.173 [restartedMain] INFO  o.f.s.b.e.EventRegistryAutoConfiguration - [discoverDeploymentResources,104] - No deployment resources were found for autodeployment
23:04:50.595 [restartedMain] INFO  o.f.s.b.ProcessEngineAutoConfiguration - [discoverDeploymentResources,104] - No deployment resources were found for autodeployment
23:04:51.554 [restartedMain] INFO  o.f.s.SpringProcessEngineConfiguration - [initConfigurators,970] - Found 2 Engine Configurators in total:
23:04:51.557 [restartedMain] INFO  o.f.s.SpringProcessEngineConfiguration - [initConfigurators,972] - class org.flowable.eventregistry.spring.configurator.SpringEventRegistryConfigurator (priority:100000)
23:04:51.558 [restartedMain] INFO  o.f.s.SpringProcessEngineConfiguration - [initConfigurators,972] - class org.flowable.idm.engine.configurator.IdmEngineConfigurator (priority:150000)
23:04:51.558 [restartedMain] INFO  o.f.s.SpringProcessEngineConfiguration - [configuratorsBeforeInit,998] - Executing beforeInit() of class org.flowable.eventregistry.spring.configurator.SpringEventRegistryConfigurator (priority:100000)
23:04:51.566 [restartedMain] INFO  o.f.s.SpringProcessEngineConfiguration - [configuratorsBeforeInit,998] - Executing beforeInit() of class org.flowable.idm.engine.configurator.IdmEngineConfigurator (priority:150000)
23:04:55.650 [restartedMain] INFO  o.f.s.SpringProcessEngineConfiguration - [configuratorsAfterInit,1005] - Executing configure() of class org.flowable.eventregistry.spring.configurator.SpringEventRegistryConfigurator (priority:100000)
23:04:56.927 [restartedMain] INFO  l.lockservice - [log,23] - Successfully acquired change log lock
23:05:01.133 [restartedMain] INFO  liquibase.changelog - [log,23] - Reading from crm.FLW_EV_DATABASECHANGELOG
23:05:01.283 [restartedMain] INFO  l.lockservice - [log,23] - Successfully released change log lock
23:05:01.342 [restartedMain] INFO  l.lockservice - [log,23] - Successfully acquired change log lock
23:05:01.394 [restartedMain] INFO  l.lockservice - [log,23] - Successfully released change log lock
23:05:01.430 [restartedMain] INFO  o.f.e.i.EventRegistryEngineImpl - [<init>,53] - EventRegistryEngine default created
23:05:01.437 [restartedMain] INFO  o.f.s.SpringProcessEngineConfiguration - [configuratorsAfterInit,1005] - Executing configure() of class org.flowable.idm.engine.configurator.IdmEngineConfigurator (priority:150000)
23:05:01.559 [restartedMain] INFO  o.f.i.e.i.IdmEngineImpl - [<init>,52] - IdmEngine default created
23:05:02.174 [restartedMain] INFO  o.f.e.i.ProcessEngineImpl - [<init>,88] - ProcessEngine default created
23:05:02.256 [restartedMain] INFO  o.f.e.i.c.ValidateV5EntitiesCmd - [execute,43] - Total of v5 deployments found: 0
23:05:03.452 [restartedMain] INFO  o.q.i.StdSchedulerFactory - [instantiate,1220] - Using default implementation for ThreadExecutor
23:05:03.497 [restartedMain] INFO  o.q.c.SchedulerSignalerImpl - [<init>,61] - Initialized Scheduler Signaller of type: class org.quartz.core.SchedulerSignalerImpl
23:05:03.497 [restartedMain] INFO  o.q.c.QuartzScheduler - [<init>,229] - Quartz Scheduler v.2.3.2 created.
23:05:03.499 [restartedMain] INFO  o.q.s.RAMJobStore - [initialize,155] - RAMJobStore initialized.
23:05:03.501 [restartedMain] INFO  o.q.c.QuartzScheduler - [initialize,294] - Scheduler meta-data: Quartz Scheduler (v2.3.2) 'quartzScheduler' with instanceId 'NON_CLUSTERED'
  Scheduler class: 'org.quartz.core.QuartzScheduler' - running locally.
  NOT STARTED.
  Currently in standby mode.
  Number of jobs executed: 0
  Using thread pool 'org.quartz.simpl.SimpleThreadPool' - with 10 threads.
  Using job-store 'org.quartz.simpl.RAMJobStore' - which does not support persistence. and is not clustered.

23:05:03.502 [restartedMain] INFO  o.q.i.StdSchedulerFactory - [instantiate,1374] - Quartz scheduler 'quartzScheduler' initialized from an externally provided properties instance.
23:05:03.502 [restartedMain] INFO  o.q.i.StdSchedulerFactory - [instantiate,1378] - Quartz scheduler version: 2.3.2
23:05:03.503 [restartedMain] INFO  o.q.c.QuartzScheduler - [setJobFactory,2293] - JobFactory set to: org.springframework.scheduling.quartz.SpringBeanJobFactory@57c8ec0c
23:05:11.608 [restartedMain] INFO  o.f.j.s.i.a.AbstractAsyncExecutor - [start,116] - Starting up the async job executor [org.flowable.spring.job.service.SpringAsyncExecutor].
23:05:11.609 [Thread-8] INFO  o.f.j.s.i.a.AcquireAsyncJobsDueRunnable - [run,52] - starting to acquire async jobs due
23:05:11.609 [Thread-9] INFO  o.f.j.s.i.a.AcquireTimerJobsRunnable - [run,50] - starting to acquire async jobs due
23:05:11.610 [Thread-10] INFO  o.f.j.s.i.a.ResetExpiredJobsRunnable - [run,57] - starting to reset expired jobs for engine bpmn
23:05:11.611 [restartedMain] INFO  o.a.c.h.Http11NioProtocol - [log,173] - Starting ProtocolHandler ["http-nio-8090"]
23:05:13.172 [restartedMain] INFO  o.q.c.QuartzScheduler - [start,547] - Scheduler quartzScheduler_$_NON_CLUSTERED started.
23:05:13.195 [restartedMain] INFO  com.fno.Application - [logStarted,61] - Started Application in 45.933 seconds (JVM running for 47.974)
23:05:55.562 [http-nio-8090-exec-2] INFO  o.a.c.c.C.[.[.[/] - [log,173] - Initializing Spring DispatcherServlet 'dispatcherServlet'
23:27:46.623 [SpringApplicationShutdownHook] INFO  o.q.c.QuartzScheduler - [standby,585] - Scheduler quartzScheduler_$_NON_CLUSTERED paused.
23:27:47.038 [SpringApplicationShutdownHook] INFO  o.q.c.QuartzScheduler - [shutdown,666] - Scheduler quartzScheduler_$_NON_CLUSTERED shutting down.
23:27:47.042 [SpringApplicationShutdownHook] INFO  o.q.c.QuartzScheduler - [standby,585] - Scheduler quartzScheduler_$_NON_CLUSTERED paused.
23:27:47.044 [SpringApplicationShutdownHook] INFO  o.q.c.QuartzScheduler - [shutdown,740] - Scheduler quartzScheduler_$_NON_CLUSTERED shutdown complete.
23:27:47.048 [SpringApplicationShutdownHook] INFO  sys-user - [shutdownAsyncManager,31] - ====关闭后台任务任务线程池====
23:27:47.072 [SpringApplicationShutdownHook] INFO  o.f.j.s.i.a.AbstractAsyncExecutor - [shutdown,166] - Shutting down the async job executor [org.flowable.spring.job.service.SpringAsyncExecutor].
23:27:47.073 [flowable-bpmn-acquire-timer-jobs] INFO  o.f.j.s.i.a.AcquireTimerJobsRunnable - [run,116] - stopped async job due acquisition
23:27:47.073 [flowable-bpmn-acquire-async-jobs] INFO  o.f.j.s.i.a.AcquireAsyncJobsDueRunnable - [run,79] - stopped async job due acquisition for engine bpmn
23:27:47.073 [flowable-bpmn-reset-expired-jobs] INFO  o.f.j.s.i.a.ResetExpiredJobsRunnable - [run,84] - stopped resetting expired jobs for engine bpmn
23:27:47.163 [SpringApplicationShutdownHook] INFO  c.a.d.p.DruidDataSource - [close,2051] - {dataSource-1} closing ...
23:27:47.222 [SpringApplicationShutdownHook] INFO  c.a.d.p.DruidDataSource - [close,2124] - {dataSource-1} closed
