20:48:45.130 [background-preinit] INFO  o.h.v.i.util.Version - [<clinit>,21] - HV000001: Hibernate Validator 6.2.3.Final
20:48:45.130 [restartedMain] INFO  com.fno.Application - [logStarting,55] - Starting Application using Java 1.8.0_291 on LAPTOP-T0DASU3T with PID 3068 (D:\workspace\java\crm\crm-server\fno-admin\target\classes started by 苏 in D:\workspace\java\crm\crm-server)
20:48:45.150 [restartedMain] INFO  com.fno.Application - [logStartupProfileInfo,686] - The following 1 profile is active: "dev"
20:48:52.520 [restartedMain] INFO  o.a.c.h.Http11NioProtocol - [log,173] - Initializing ProtocolHandler ["http-nio-8090"]
20:48:52.521 [restartedMain] INFO  o.a.c.c.StandardService - [log,173] - Starting service [Tomcat]
20:48:52.521 [restartedMain] INFO  o.a.c.c.StandardEngine - [log,173] - Starting Servlet engine: [Apache Tomcat/9.0.63]
20:48:52.820 [restartedMain] INFO  o.a.c.c.C.[.[.[/] - [log,173] - Initializing Spring embedded WebApplicationContext
20:48:59.203 [restartedMain] INFO  c.a.d.p.DruidDataSource - [init,972] - {dataSource-1} inited
20:49:03.272 [restartedMain] INFO  o.f.s.b.e.EventRegistryAutoConfiguration - [discoverDeploymentResources,104] - No deployment resources were found for autodeployment
20:49:03.560 [restartedMain] INFO  o.f.s.b.ProcessEngineAutoConfiguration - [discoverDeploymentResources,104] - No deployment resources were found for autodeployment
20:49:04.767 [restartedMain] INFO  o.f.s.SpringProcessEngineConfiguration - [initConfigurators,970] - Found 2 Engine Configurators in total:
20:49:04.773 [restartedMain] INFO  o.f.s.SpringProcessEngineConfiguration - [initConfigurators,972] - class org.flowable.eventregistry.spring.configurator.SpringEventRegistryConfigurator (priority:100000)
20:49:04.774 [restartedMain] INFO  o.f.s.SpringProcessEngineConfiguration - [initConfigurators,972] - class org.flowable.idm.engine.configurator.IdmEngineConfigurator (priority:150000)
20:49:04.775 [restartedMain] INFO  o.f.s.SpringProcessEngineConfiguration - [configuratorsBeforeInit,998] - Executing beforeInit() of class org.flowable.eventregistry.spring.configurator.SpringEventRegistryConfigurator (priority:100000)
20:49:04.790 [restartedMain] INFO  o.f.s.SpringProcessEngineConfiguration - [configuratorsBeforeInit,998] - Executing beforeInit() of class org.flowable.idm.engine.configurator.IdmEngineConfigurator (priority:150000)
20:49:07.771 [restartedMain] INFO  o.f.s.SpringProcessEngineConfiguration - [configuratorsAfterInit,1005] - Executing configure() of class org.flowable.eventregistry.spring.configurator.SpringEventRegistryConfigurator (priority:100000)
20:49:09.271 [restartedMain] INFO  l.lockservice - [log,23] - Successfully acquired change log lock
20:49:13.413 [restartedMain] INFO  liquibase.changelog - [log,23] - Reading from crm.FLW_EV_DATABASECHANGELOG
20:49:13.955 [restartedMain] INFO  l.lockservice - [log,23] - Successfully released change log lock
20:49:14.021 [restartedMain] INFO  l.lockservice - [log,23] - Successfully acquired change log lock
20:49:14.085 [restartedMain] INFO  l.lockservice - [log,23] - Successfully released change log lock
20:49:14.124 [restartedMain] INFO  o.f.e.i.EventRegistryEngineImpl - [<init>,53] - EventRegistryEngine default created
20:49:14.127 [restartedMain] INFO  o.f.s.SpringProcessEngineConfiguration - [configuratorsAfterInit,1005] - Executing configure() of class org.flowable.idm.engine.configurator.IdmEngineConfigurator (priority:150000)
20:49:14.262 [restartedMain] INFO  o.f.i.e.i.IdmEngineImpl - [<init>,52] - IdmEngine default created
20:49:14.867 [restartedMain] INFO  o.f.e.i.ProcessEngineImpl - [<init>,88] - ProcessEngine default created
20:49:14.942 [restartedMain] INFO  o.f.e.i.c.ValidateV5EntitiesCmd - [execute,43] - Total of v5 deployments found: 0
20:49:17.719 [restartedMain] INFO  o.q.i.StdSchedulerFactory - [instantiate,1220] - Using default implementation for ThreadExecutor
20:49:17.768 [restartedMain] INFO  o.q.c.SchedulerSignalerImpl - [<init>,61] - Initialized Scheduler Signaller of type: class org.quartz.core.SchedulerSignalerImpl
20:49:17.769 [restartedMain] INFO  o.q.c.QuartzScheduler - [<init>,229] - Quartz Scheduler v.2.3.2 created.
20:49:17.772 [restartedMain] INFO  o.q.s.RAMJobStore - [initialize,155] - RAMJobStore initialized.
20:49:17.775 [restartedMain] INFO  o.q.c.QuartzScheduler - [initialize,294] - Scheduler meta-data: Quartz Scheduler (v2.3.2) 'quartzScheduler' with instanceId 'NON_CLUSTERED'
  Scheduler class: 'org.quartz.core.QuartzScheduler' - running locally.
  NOT STARTED.
  Currently in standby mode.
  Number of jobs executed: 0
  Using thread pool 'org.quartz.simpl.SimpleThreadPool' - with 10 threads.
  Using job-store 'org.quartz.simpl.RAMJobStore' - which does not support persistence. and is not clustered.

20:49:17.776 [restartedMain] INFO  o.q.i.StdSchedulerFactory - [instantiate,1374] - Quartz scheduler 'quartzScheduler' initialized from an externally provided properties instance.
20:49:17.777 [restartedMain] INFO  o.q.i.StdSchedulerFactory - [instantiate,1378] - Quartz scheduler version: 2.3.2
20:49:17.777 [restartedMain] INFO  o.q.c.QuartzScheduler - [setJobFactory,2293] - JobFactory set to: org.springframework.scheduling.quartz.SpringBeanJobFactory@6b0ba4fe
20:49:23.356 [restartedMain] INFO  o.f.j.s.i.a.AbstractAsyncExecutor - [start,116] - Starting up the async job executor [org.flowable.spring.job.service.SpringAsyncExecutor].
20:49:23.358 [Thread-8] INFO  o.f.j.s.i.a.AcquireAsyncJobsDueRunnable - [run,52] - starting to acquire async jobs due
20:49:23.359 [Thread-9] INFO  o.f.j.s.i.a.AcquireTimerJobsRunnable - [run,50] - starting to acquire async jobs due
20:49:23.359 [Thread-10] INFO  o.f.j.s.i.a.ResetExpiredJobsRunnable - [run,57] - starting to reset expired jobs for engine bpmn
20:49:23.361 [restartedMain] INFO  o.a.c.h.Http11NioProtocol - [log,173] - Starting ProtocolHandler ["http-nio-8090"]
20:49:25.238 [restartedMain] INFO  o.q.c.QuartzScheduler - [start,547] - Scheduler quartzScheduler_$_NON_CLUSTERED started.
20:49:25.255 [restartedMain] INFO  com.fno.Application - [logStarted,61] - Started Application in 41.075 seconds (JVM running for 43.897)
20:56:42.408 [http-nio-8090-exec-1] INFO  o.a.c.c.C.[.[.[/] - [log,173] - Initializing Spring DispatcherServlet 'dispatcherServlet'
20:56:53.104 [schedule-pool-1] INFO  sys-user - [run,60] - [127.0.0.1]内网IP[admin][Success][登录成功][1]
21:02:54.428 [SpringApplicationShutdownHook] INFO  o.q.c.QuartzScheduler - [standby,585] - Scheduler quartzScheduler_$_NON_CLUSTERED paused.
21:02:54.943 [SpringApplicationShutdownHook] INFO  o.q.c.QuartzScheduler - [shutdown,666] - Scheduler quartzScheduler_$_NON_CLUSTERED shutting down.
21:02:54.943 [SpringApplicationShutdownHook] INFO  o.q.c.QuartzScheduler - [standby,585] - Scheduler quartzScheduler_$_NON_CLUSTERED paused.
21:02:54.945 [SpringApplicationShutdownHook] INFO  o.q.c.QuartzScheduler - [shutdown,740] - Scheduler quartzScheduler_$_NON_CLUSTERED shutdown complete.
21:02:54.947 [SpringApplicationShutdownHook] INFO  sys-user - [shutdownAsyncManager,31] - ====关闭后台任务任务线程池====
21:02:54.958 [SpringApplicationShutdownHook] INFO  o.f.j.s.i.a.AbstractAsyncExecutor - [shutdown,166] - Shutting down the async job executor [org.flowable.spring.job.service.SpringAsyncExecutor].
21:02:54.959 [flowable-bpmn-acquire-timer-jobs] INFO  o.f.j.s.i.a.AcquireTimerJobsRunnable - [run,116] - stopped async job due acquisition
21:02:54.959 [flowable-bpmn-acquire-async-jobs] INFO  o.f.j.s.i.a.AcquireAsyncJobsDueRunnable - [run,79] - stopped async job due acquisition for engine bpmn
21:02:54.959 [flowable-bpmn-reset-expired-jobs] INFO  o.f.j.s.i.a.ResetExpiredJobsRunnable - [run,84] - stopped resetting expired jobs for engine bpmn
21:02:55.044 [SpringApplicationShutdownHook] INFO  c.a.d.p.DruidDataSource - [close,2051] - {dataSource-1} closing ...
21:02:55.072 [SpringApplicationShutdownHook] INFO  c.a.d.p.DruidDataSource - [close,2124] - {dataSource-1} closed
21:03:08.948 [background-preinit] INFO  o.h.v.i.util.Version - [<clinit>,21] - HV000001: Hibernate Validator 6.2.3.Final
21:03:08.948 [restartedMain] INFO  com.fno.Application - [logStarting,55] - Starting Application using Java 1.8.0_291 on LAPTOP-T0DASU3T with PID 8824 (D:\workspace\java\crm\crm-server\fno-admin\target\classes started by 苏 in D:\workspace\java\crm\crm-server)
21:03:08.955 [restartedMain] INFO  com.fno.Application - [logStartupProfileInfo,686] - The following 1 profile is active: "dev"
21:03:16.913 [restartedMain] INFO  o.a.c.h.Http11NioProtocol - [log,173] - Initializing ProtocolHandler ["http-nio-8090"]
21:03:16.916 [restartedMain] INFO  o.a.c.c.StandardService - [log,173] - Starting service [Tomcat]
21:03:16.917 [restartedMain] INFO  o.a.c.c.StandardEngine - [log,173] - Starting Servlet engine: [Apache Tomcat/9.0.63]
21:03:17.458 [restartedMain] INFO  o.a.c.c.C.[.[.[/] - [log,173] - Initializing Spring embedded WebApplicationContext
21:03:25.603 [restartedMain] INFO  c.a.d.p.DruidDataSource - [init,972] - {dataSource-1} inited
21:03:28.759 [restartedMain] INFO  o.f.s.b.e.EventRegistryAutoConfiguration - [discoverDeploymentResources,104] - No deployment resources were found for autodeployment
21:03:29.107 [restartedMain] INFO  o.f.s.b.ProcessEngineAutoConfiguration - [discoverDeploymentResources,104] - No deployment resources were found for autodeployment
21:03:29.817 [restartedMain] INFO  o.f.s.SpringProcessEngineConfiguration - [initConfigurators,970] - Found 2 Engine Configurators in total:
21:03:29.820 [restartedMain] INFO  o.f.s.SpringProcessEngineConfiguration - [initConfigurators,972] - class org.flowable.eventregistry.spring.configurator.SpringEventRegistryConfigurator (priority:100000)
21:03:29.821 [restartedMain] INFO  o.f.s.SpringProcessEngineConfiguration - [initConfigurators,972] - class org.flowable.idm.engine.configurator.IdmEngineConfigurator (priority:150000)
21:03:29.821 [restartedMain] INFO  o.f.s.SpringProcessEngineConfiguration - [configuratorsBeforeInit,998] - Executing beforeInit() of class org.flowable.eventregistry.spring.configurator.SpringEventRegistryConfigurator (priority:100000)
21:03:29.830 [restartedMain] INFO  o.f.s.SpringProcessEngineConfiguration - [configuratorsBeforeInit,998] - Executing beforeInit() of class org.flowable.idm.engine.configurator.IdmEngineConfigurator (priority:150000)
21:03:31.578 [restartedMain] INFO  o.f.s.SpringProcessEngineConfiguration - [configuratorsAfterInit,1005] - Executing configure() of class org.flowable.eventregistry.spring.configurator.SpringEventRegistryConfigurator (priority:100000)
21:03:33.274 [restartedMain] INFO  l.lockservice - [log,23] - Successfully acquired change log lock
21:03:37.761 [restartedMain] INFO  liquibase.changelog - [log,23] - Reading from crm.FLW_EV_DATABASECHANGELOG
21:03:37.938 [restartedMain] INFO  l.lockservice - [log,23] - Successfully released change log lock
21:03:38.010 [restartedMain] INFO  l.lockservice - [log,23] - Successfully acquired change log lock
21:03:38.074 [restartedMain] INFO  l.lockservice - [log,23] - Successfully released change log lock
21:03:38.117 [restartedMain] INFO  o.f.e.i.EventRegistryEngineImpl - [<init>,53] - EventRegistryEngine default created
21:03:38.123 [restartedMain] INFO  o.f.s.SpringProcessEngineConfiguration - [configuratorsAfterInit,1005] - Executing configure() of class org.flowable.idm.engine.configurator.IdmEngineConfigurator (priority:150000)
21:03:38.302 [restartedMain] INFO  o.f.i.e.i.IdmEngineImpl - [<init>,52] - IdmEngine default created
21:03:38.915 [restartedMain] INFO  o.f.e.i.ProcessEngineImpl - [<init>,88] - ProcessEngine default created
21:03:39.030 [restartedMain] INFO  o.f.e.i.c.ValidateV5EntitiesCmd - [execute,43] - Total of v5 deployments found: 0
21:03:40.299 [restartedMain] INFO  o.q.i.StdSchedulerFactory - [instantiate,1220] - Using default implementation for ThreadExecutor
21:03:40.338 [restartedMain] INFO  o.q.c.SchedulerSignalerImpl - [<init>,61] - Initialized Scheduler Signaller of type: class org.quartz.core.SchedulerSignalerImpl
21:03:40.338 [restartedMain] INFO  o.q.c.QuartzScheduler - [<init>,229] - Quartz Scheduler v.2.3.2 created.
21:03:40.340 [restartedMain] INFO  o.q.s.RAMJobStore - [initialize,155] - RAMJobStore initialized.
21:03:40.343 [restartedMain] INFO  o.q.c.QuartzScheduler - [initialize,294] - Scheduler meta-data: Quartz Scheduler (v2.3.2) 'quartzScheduler' with instanceId 'NON_CLUSTERED'
  Scheduler class: 'org.quartz.core.QuartzScheduler' - running locally.
  NOT STARTED.
  Currently in standby mode.
  Number of jobs executed: 0
  Using thread pool 'org.quartz.simpl.SimpleThreadPool' - with 10 threads.
  Using job-store 'org.quartz.simpl.RAMJobStore' - which does not support persistence. and is not clustered.

21:03:40.344 [restartedMain] INFO  o.q.i.StdSchedulerFactory - [instantiate,1374] - Quartz scheduler 'quartzScheduler' initialized from an externally provided properties instance.
21:03:40.344 [restartedMain] INFO  o.q.i.StdSchedulerFactory - [instantiate,1378] - Quartz scheduler version: 2.3.2
21:03:40.345 [restartedMain] INFO  o.q.c.QuartzScheduler - [setJobFactory,2293] - JobFactory set to: org.springframework.scheduling.quartz.SpringBeanJobFactory@60224dcc
21:03:50.464 [restartedMain] INFO  o.f.j.s.i.a.AbstractAsyncExecutor - [start,116] - Starting up the async job executor [org.flowable.spring.job.service.SpringAsyncExecutor].
21:03:50.469 [Thread-9] INFO  o.f.j.s.i.a.AcquireTimerJobsRunnable - [run,50] - starting to acquire async jobs due
21:03:50.469 [restartedMain] INFO  o.a.c.h.Http11NioProtocol - [log,173] - Starting ProtocolHandler ["http-nio-8090"]
21:03:50.469 [Thread-8] INFO  o.f.j.s.i.a.AcquireAsyncJobsDueRunnable - [run,52] - starting to acquire async jobs due
21:03:50.473 [Thread-10] INFO  o.f.j.s.i.a.ResetExpiredJobsRunnable - [run,57] - starting to reset expired jobs for engine bpmn
21:03:53.985 [restartedMain] INFO  o.q.c.QuartzScheduler - [start,547] - Scheduler quartzScheduler_$_NON_CLUSTERED started.
21:03:54.009 [restartedMain] INFO  com.fno.Application - [logStarted,61] - Started Application in 46.089 seconds (JVM running for 48.579)
21:05:02.779 [SpringApplicationShutdownHook] INFO  o.q.c.QuartzScheduler - [standby,585] - Scheduler quartzScheduler_$_NON_CLUSTERED paused.
21:05:03.105 [SpringApplicationShutdownHook] INFO  o.q.c.QuartzScheduler - [shutdown,666] - Scheduler quartzScheduler_$_NON_CLUSTERED shutting down.
21:05:03.106 [SpringApplicationShutdownHook] INFO  o.q.c.QuartzScheduler - [standby,585] - Scheduler quartzScheduler_$_NON_CLUSTERED paused.
21:05:03.107 [SpringApplicationShutdownHook] INFO  o.q.c.QuartzScheduler - [shutdown,740] - Scheduler quartzScheduler_$_NON_CLUSTERED shutdown complete.
21:05:03.107 [SpringApplicationShutdownHook] INFO  sys-user - [shutdownAsyncManager,31] - ====关闭后台任务任务线程池====
21:05:03.113 [SpringApplicationShutdownHook] INFO  o.f.j.s.i.a.AbstractAsyncExecutor - [shutdown,166] - Shutting down the async job executor [org.flowable.spring.job.service.SpringAsyncExecutor].
21:05:03.113 [flowable-bpmn-acquire-timer-jobs] INFO  o.f.j.s.i.a.AcquireTimerJobsRunnable - [run,116] - stopped async job due acquisition
21:05:03.113 [flowable-bpmn-acquire-async-jobs] INFO  o.f.j.s.i.a.AcquireAsyncJobsDueRunnable - [run,79] - stopped async job due acquisition for engine bpmn
21:05:03.113 [flowable-bpmn-reset-expired-jobs] INFO  o.f.j.s.i.a.ResetExpiredJobsRunnable - [run,84] - stopped resetting expired jobs for engine bpmn
21:05:03.178 [SpringApplicationShutdownHook] INFO  c.a.d.p.DruidDataSource - [close,2051] - {dataSource-1} closing ...
21:05:03.198 [SpringApplicationShutdownHook] INFO  c.a.d.p.DruidDataSource - [close,2124] - {dataSource-1} closed
21:05:10.382 [restartedMain] INFO  com.fno.Application - [logStarting,55] - Starting Application using Java 1.8.0_291 on LAPTOP-T0DASU3T with PID 3900 (D:\workspace\java\crm\crm-server\fno-admin\target\classes started by 苏 in D:\workspace\java\crm\crm-server)
21:05:10.389 [restartedMain] INFO  com.fno.Application - [logStartupProfileInfo,686] - The following 1 profile is active: "dev"
21:05:10.390 [background-preinit] INFO  o.h.v.i.util.Version - [<clinit>,21] - HV000001: Hibernate Validator 6.2.3.Final
21:05:16.197 [restartedMain] INFO  o.a.c.h.Http11NioProtocol - [log,173] - Initializing ProtocolHandler ["http-nio-8090"]
21:05:16.198 [restartedMain] INFO  o.a.c.c.StandardService - [log,173] - Starting service [Tomcat]
21:05:16.198 [restartedMain] INFO  o.a.c.c.StandardEngine - [log,173] - Starting Servlet engine: [Apache Tomcat/9.0.63]
21:05:16.495 [restartedMain] INFO  o.a.c.c.C.[.[.[/] - [log,173] - Initializing Spring embedded WebApplicationContext
21:05:22.440 [restartedMain] INFO  c.a.d.p.DruidDataSource - [init,972] - {dataSource-1} inited
21:05:25.374 [restartedMain] INFO  o.f.s.b.e.EventRegistryAutoConfiguration - [discoverDeploymentResources,104] - No deployment resources were found for autodeployment
21:05:25.618 [restartedMain] INFO  o.f.s.b.ProcessEngineAutoConfiguration - [discoverDeploymentResources,104] - No deployment resources were found for autodeployment
21:05:26.332 [restartedMain] INFO  o.f.s.SpringProcessEngineConfiguration - [initConfigurators,970] - Found 2 Engine Configurators in total:
21:05:26.335 [restartedMain] INFO  o.f.s.SpringProcessEngineConfiguration - [initConfigurators,972] - class org.flowable.eventregistry.spring.configurator.SpringEventRegistryConfigurator (priority:100000)
21:05:26.335 [restartedMain] INFO  o.f.s.SpringProcessEngineConfiguration - [initConfigurators,972] - class org.flowable.idm.engine.configurator.IdmEngineConfigurator (priority:150000)
21:05:26.336 [restartedMain] INFO  o.f.s.SpringProcessEngineConfiguration - [configuratorsBeforeInit,998] - Executing beforeInit() of class org.flowable.eventregistry.spring.configurator.SpringEventRegistryConfigurator (priority:100000)
21:05:26.344 [restartedMain] INFO  o.f.s.SpringProcessEngineConfiguration - [configuratorsBeforeInit,998] - Executing beforeInit() of class org.flowable.idm.engine.configurator.IdmEngineConfigurator (priority:150000)
21:05:27.672 [restartedMain] INFO  o.f.s.SpringProcessEngineConfiguration - [configuratorsAfterInit,1005] - Executing configure() of class org.flowable.eventregistry.spring.configurator.SpringEventRegistryConfigurator (priority:100000)
21:05:28.843 [restartedMain] INFO  l.lockservice - [log,23] - Successfully acquired change log lock
21:05:32.094 [restartedMain] INFO  liquibase.changelog - [log,23] - Reading from crm.FLW_EV_DATABASECHANGELOG
21:05:32.365 [restartedMain] INFO  l.lockservice - [log,23] - Successfully released change log lock
21:05:32.426 [restartedMain] INFO  l.lockservice - [log,23] - Successfully acquired change log lock
21:05:32.475 [restartedMain] INFO  l.lockservice - [log,23] - Successfully released change log lock
21:05:32.509 [restartedMain] INFO  o.f.e.i.EventRegistryEngineImpl - [<init>,53] - EventRegistryEngine default created
21:05:32.512 [restartedMain] INFO  o.f.s.SpringProcessEngineConfiguration - [configuratorsAfterInit,1005] - Executing configure() of class org.flowable.idm.engine.configurator.IdmEngineConfigurator (priority:150000)
21:05:32.602 [restartedMain] INFO  o.f.i.e.i.IdmEngineImpl - [<init>,52] - IdmEngine default created
21:05:33.194 [restartedMain] INFO  o.f.e.i.ProcessEngineImpl - [<init>,88] - ProcessEngine default created
21:05:33.251 [restartedMain] INFO  o.f.e.i.c.ValidateV5EntitiesCmd - [execute,43] - Total of v5 deployments found: 0
21:05:34.126 [restartedMain] INFO  o.q.i.StdSchedulerFactory - [instantiate,1220] - Using default implementation for ThreadExecutor
21:05:34.155 [restartedMain] INFO  o.q.c.SchedulerSignalerImpl - [<init>,61] - Initialized Scheduler Signaller of type: class org.quartz.core.SchedulerSignalerImpl
21:05:34.155 [restartedMain] INFO  o.q.c.QuartzScheduler - [<init>,229] - Quartz Scheduler v.2.3.2 created.
21:05:34.157 [restartedMain] INFO  o.q.s.RAMJobStore - [initialize,155] - RAMJobStore initialized.
21:05:34.160 [restartedMain] INFO  o.q.c.QuartzScheduler - [initialize,294] - Scheduler meta-data: Quartz Scheduler (v2.3.2) 'quartzScheduler' with instanceId 'NON_CLUSTERED'
  Scheduler class: 'org.quartz.core.QuartzScheduler' - running locally.
  NOT STARTED.
  Currently in standby mode.
  Number of jobs executed: 0
  Using thread pool 'org.quartz.simpl.SimpleThreadPool' - with 10 threads.
  Using job-store 'org.quartz.simpl.RAMJobStore' - which does not support persistence. and is not clustered.

21:05:34.160 [restartedMain] INFO  o.q.i.StdSchedulerFactory - [instantiate,1374] - Quartz scheduler 'quartzScheduler' initialized from an externally provided properties instance.
21:05:34.161 [restartedMain] INFO  o.q.i.StdSchedulerFactory - [instantiate,1378] - Quartz scheduler version: 2.3.2
21:05:34.161 [restartedMain] INFO  o.q.c.QuartzScheduler - [setJobFactory,2293] - JobFactory set to: org.springframework.scheduling.quartz.SpringBeanJobFactory@4c5c5c68
21:05:38.993 [restartedMain] INFO  o.f.j.s.i.a.AbstractAsyncExecutor - [start,116] - Starting up the async job executor [org.flowable.spring.job.service.SpringAsyncExecutor].
21:05:38.994 [Thread-9] INFO  o.f.j.s.i.a.AcquireTimerJobsRunnable - [run,50] - starting to acquire async jobs due
21:05:38.994 [Thread-8] INFO  o.f.j.s.i.a.AcquireAsyncJobsDueRunnable - [run,52] - starting to acquire async jobs due
21:05:38.995 [restartedMain] INFO  o.a.c.h.Http11NioProtocol - [log,173] - Starting ProtocolHandler ["http-nio-8090"]
21:05:38.995 [Thread-10] INFO  o.f.j.s.i.a.ResetExpiredJobsRunnable - [run,57] - starting to reset expired jobs for engine bpmn
21:05:40.621 [restartedMain] INFO  o.q.c.QuartzScheduler - [start,547] - Scheduler quartzScheduler_$_NON_CLUSTERED started.
21:05:40.638 [restartedMain] INFO  com.fno.Application - [logStarted,61] - Started Application in 31.253 seconds (JVM running for 33.314)
21:09:20.142 [http-nio-8090-exec-2] INFO  o.a.c.c.C.[.[.[/] - [log,173] - Initializing Spring DispatcherServlet 'dispatcherServlet'
21:17:19.292 [schedule-pool-1] INFO  sys-user - [run,60] - [127.0.0.1]内网IP[admin][Logout][退出成功][]
21:17:30.542 [schedule-pool-1] INFO  sys-user - [run,60] - [127.0.0.1]内网IP[jx-admin][Success][登录成功][10]
21:17:49.198 [schedule-pool-2] INFO  sys-user - [run,60] - [127.0.0.1]内网IP[jx-admin][Logout][退出成功][]
21:17:57.796 [schedule-pool-1] INFO  sys-user - [run,60] - [127.0.0.1]内网IP[admin][Error][用户不存在/密码错误][]
21:18:04.554 [schedule-pool-3] INFO  sys-user - [run,60] - [127.0.0.1]内网IP[admin][Error][用户不存在/密码错误][]
21:18:14.899 [schedule-pool-2] INFO  sys-user - [run,60] - [127.0.0.1]内网IP[admin][Error][用户不存在/密码错误][]
21:18:30.334 [schedule-pool-4] INFO  sys-user - [run,60] - [127.0.0.1]内网IP[admin][Success][登录成功][1]
21:27:20.449 [schedule-pool-8] INFO  sys-user - [run,60] - [127.0.0.1]内网IP[admin][Logout][退出成功][]
21:27:29.739 [schedule-pool-1] INFO  sys-user - [run,60] - [127.0.0.1]内网IP[jx-admin][Success][登录成功][14]
23:53:40.264 [SpringApplicationShutdownHook] INFO  o.q.c.QuartzScheduler - [standby,585] - Scheduler quartzScheduler_$_NON_CLUSTERED paused.
23:53:40.764 [SpringApplicationShutdownHook] INFO  o.q.c.QuartzScheduler - [shutdown,666] - Scheduler quartzScheduler_$_NON_CLUSTERED shutting down.
23:53:40.765 [SpringApplicationShutdownHook] INFO  o.q.c.QuartzScheduler - [standby,585] - Scheduler quartzScheduler_$_NON_CLUSTERED paused.
23:53:40.766 [SpringApplicationShutdownHook] INFO  o.q.c.QuartzScheduler - [shutdown,740] - Scheduler quartzScheduler_$_NON_CLUSTERED shutdown complete.
23:53:40.768 [SpringApplicationShutdownHook] INFO  sys-user - [shutdownAsyncManager,31] - ====关闭后台任务任务线程池====
23:53:40.779 [SpringApplicationShutdownHook] INFO  o.f.j.s.i.a.AbstractAsyncExecutor - [shutdown,166] - Shutting down the async job executor [org.flowable.spring.job.service.SpringAsyncExecutor].
23:53:40.780 [flowable-bpmn-acquire-async-jobs] INFO  o.f.j.s.i.a.AcquireAsyncJobsDueRunnable - [run,79] - stopped async job due acquisition for engine bpmn
23:53:40.780 [flowable-bpmn-acquire-timer-jobs] INFO  o.f.j.s.i.a.AcquireTimerJobsRunnable - [run,116] - stopped async job due acquisition
23:53:40.780 [flowable-bpmn-reset-expired-jobs] INFO  o.f.j.s.i.a.ResetExpiredJobsRunnable - [run,84] - stopped resetting expired jobs for engine bpmn
23:53:40.892 [SpringApplicationShutdownHook] INFO  c.a.d.p.DruidDataSource - [close,2051] - {dataSource-1} closing ...
23:53:40.933 [SpringApplicationShutdownHook] INFO  c.a.d.p.DruidDataSource - [close,2124] - {dataSource-1} closed
23:53:57.109 [background-preinit] INFO  o.h.v.i.util.Version - [<clinit>,21] - HV000001: Hibernate Validator 6.2.3.Final
23:53:57.111 [restartedMain] INFO  com.fno.Application - [logStarting,55] - Starting Application using Java 1.8.0_291 on LAPTOP-T0DASU3T with PID 30952 (D:\workspace\java\crm\crm-server\fno-admin\target\classes started by 苏 in D:\workspace\java\crm\crm-server)
23:53:57.117 [restartedMain] INFO  com.fno.Application - [logStartupProfileInfo,686] - The following 1 profile is active: "dev"
23:54:06.752 [restartedMain] INFO  o.a.c.h.Http11NioProtocol - [log,173] - Initializing ProtocolHandler ["http-nio-8090"]
23:54:06.754 [restartedMain] INFO  o.a.c.c.StandardService - [log,173] - Starting service [Tomcat]
23:54:06.754 [restartedMain] INFO  o.a.c.c.StandardEngine - [log,173] - Starting Servlet engine: [Apache Tomcat/9.0.63]
23:54:07.234 [restartedMain] INFO  o.a.c.c.C.[.[.[/] - [log,173] - Initializing Spring embedded WebApplicationContext
23:54:17.110 [restartedMain] INFO  c.a.d.p.DruidDataSource - [init,972] - {dataSource-1} inited
23:54:55.611 [restartedMain] INFO  o.f.s.b.e.EventRegistryAutoConfiguration - [discoverDeploymentResources,104] - No deployment resources were found for autodeployment
23:54:56.421 [restartedMain] INFO  o.f.s.b.ProcessEngineAutoConfiguration - [discoverDeploymentResources,104] - No deployment resources were found for autodeployment
23:54:57.963 [restartedMain] INFO  o.f.s.SpringProcessEngineConfiguration - [initConfigurators,970] - Found 2 Engine Configurators in total:
23:54:57.967 [restartedMain] INFO  o.f.s.SpringProcessEngineConfiguration - [initConfigurators,972] - class org.flowable.eventregistry.spring.configurator.SpringEventRegistryConfigurator (priority:100000)
23:54:57.967 [restartedMain] INFO  o.f.s.SpringProcessEngineConfiguration - [initConfigurators,972] - class org.flowable.idm.engine.configurator.IdmEngineConfigurator (priority:150000)
23:54:57.968 [restartedMain] INFO  o.f.s.SpringProcessEngineConfiguration - [configuratorsBeforeInit,998] - Executing beforeInit() of class org.flowable.eventregistry.spring.configurator.SpringEventRegistryConfigurator (priority:100000)
23:54:57.976 [restartedMain] INFO  o.f.s.SpringProcessEngineConfiguration - [configuratorsBeforeInit,998] - Executing beforeInit() of class org.flowable.idm.engine.configurator.IdmEngineConfigurator (priority:150000)
23:55:00.219 [restartedMain] INFO  o.f.s.SpringProcessEngineConfiguration - [configuratorsAfterInit,1005] - Executing configure() of class org.flowable.eventregistry.spring.configurator.SpringEventRegistryConfigurator (priority:100000)
23:55:01.584 [restartedMain] INFO  l.lockservice - [log,23] - Successfully acquired change log lock
23:55:04.945 [restartedMain] INFO  liquibase.changelog - [log,23] - Reading from crm.FLW_EV_DATABASECHANGELOG
23:55:05.089 [restartedMain] INFO  l.lockservice - [log,23] - Successfully released change log lock
23:55:05.149 [restartedMain] INFO  l.lockservice - [log,23] - Successfully acquired change log lock
23:55:05.202 [restartedMain] INFO  l.lockservice - [log,23] - Successfully released change log lock
23:55:05.238 [restartedMain] INFO  o.f.e.i.EventRegistryEngineImpl - [<init>,53] - EventRegistryEngine default created
23:55:05.240 [restartedMain] INFO  o.f.s.SpringProcessEngineConfiguration - [configuratorsAfterInit,1005] - Executing configure() of class org.flowable.idm.engine.configurator.IdmEngineConfigurator (priority:150000)
23:55:05.358 [restartedMain] INFO  o.f.i.e.i.IdmEngineImpl - [<init>,52] - IdmEngine default created
23:55:05.952 [restartedMain] INFO  o.f.e.i.ProcessEngineImpl - [<init>,88] - ProcessEngine default created
23:55:06.025 [restartedMain] INFO  o.f.e.i.c.ValidateV5EntitiesCmd - [execute,43] - Total of v5 deployments found: 0
23:55:08.221 [restartedMain] INFO  o.q.i.StdSchedulerFactory - [instantiate,1220] - Using default implementation for ThreadExecutor
23:55:08.254 [restartedMain] INFO  o.q.c.SchedulerSignalerImpl - [<init>,61] - Initialized Scheduler Signaller of type: class org.quartz.core.SchedulerSignalerImpl
23:55:08.254 [restartedMain] INFO  o.q.c.QuartzScheduler - [<init>,229] - Quartz Scheduler v.2.3.2 created.
23:55:08.256 [restartedMain] INFO  o.q.s.RAMJobStore - [initialize,155] - RAMJobStore initialized.
23:55:08.258 [restartedMain] INFO  o.q.c.QuartzScheduler - [initialize,294] - Scheduler meta-data: Quartz Scheduler (v2.3.2) 'quartzScheduler' with instanceId 'NON_CLUSTERED'
  Scheduler class: 'org.quartz.core.QuartzScheduler' - running locally.
  NOT STARTED.
  Currently in standby mode.
  Number of jobs executed: 0
  Using thread pool 'org.quartz.simpl.SimpleThreadPool' - with 10 threads.
  Using job-store 'org.quartz.simpl.RAMJobStore' - which does not support persistence. and is not clustered.

23:55:08.259 [restartedMain] INFO  o.q.i.StdSchedulerFactory - [instantiate,1374] - Quartz scheduler 'quartzScheduler' initialized from an externally provided properties instance.
23:55:08.259 [restartedMain] INFO  o.q.i.StdSchedulerFactory - [instantiate,1378] - Quartz scheduler version: 2.3.2
23:55:08.260 [restartedMain] INFO  o.q.c.QuartzScheduler - [setJobFactory,2293] - JobFactory set to: org.springframework.scheduling.quartz.SpringBeanJobFactory@511ac70
23:55:13.558 [restartedMain] INFO  o.f.j.s.i.a.AbstractAsyncExecutor - [start,116] - Starting up the async job executor [org.flowable.spring.job.service.SpringAsyncExecutor].
23:55:13.561 [restartedMain] INFO  o.a.c.h.Http11NioProtocol - [log,173] - Starting ProtocolHandler ["http-nio-8090"]
23:55:13.561 [Thread-8] INFO  o.f.j.s.i.a.AcquireAsyncJobsDueRunnable - [run,52] - starting to acquire async jobs due
23:55:13.561 [Thread-9] INFO  o.f.j.s.i.a.AcquireTimerJobsRunnable - [run,50] - starting to acquire async jobs due
23:55:13.561 [Thread-10] INFO  o.f.j.s.i.a.ResetExpiredJobsRunnable - [run,57] - starting to reset expired jobs for engine bpmn
23:55:16.246 [restartedMain] INFO  o.q.c.QuartzScheduler - [start,547] - Scheduler quartzScheduler_$_NON_CLUSTERED started.
23:55:16.278 [restartedMain] INFO  com.fno.Application - [logStarted,61] - Started Application in 89.152 seconds (JVM running for 92.012)
23:56:19.016 [http-nio-8090-exec-8] INFO  o.a.c.c.C.[.[.[/] - [log,173] - Initializing Spring DispatcherServlet 'dispatcherServlet'
