09:26:30.657 [background-preinit] INFO  o.h.v.i.util.Version - [<clinit>,21] - HV000001: Hibernate Validator 6.2.3.Final
09:26:30.657 [restartedMain] INFO  com.fno.Application - [logStarting,55] - Starting Application using Java 1.8.0_291 on LAPTOP-T0DASU3T with PID 1840 (D:\workspace\java\crm\crm-server\fno-admin\target\classes started by 苏 in D:\workspace\java\crm\crm-server)
09:26:30.680 [restartedMain] INFO  com.fno.Application - [logStartupProfileInfo,686] - The following 1 profile is active: "dev"
09:26:38.183 [restartedMain] INFO  o.a.c.h.Http11NioProtocol - [log,173] - Initializing ProtocolHandler ["http-nio-8090"]
09:26:38.184 [restartedMain] INFO  o.a.c.c.StandardService - [log,173] - Starting service [Tomcat]
09:26:38.184 [restartedMain] INFO  o.a.c.c.StandardEngine - [log,173] - Starting Servlet engine: [Apache Tomcat/9.0.63]
09:26:38.480 [restartedMain] INFO  o.a.c.c.C.[.[.[/] - [log,173] - Initializing Spring embedded WebApplicationContext
09:26:46.142 [restartedMain] INFO  c.a.d.p.DruidDataSource - [init,972] - {dataSource-1} inited
09:26:50.169 [restartedMain] INFO  o.f.s.b.e.EventRegistryAutoConfiguration - [discoverDeploymentResources,104] - No deployment resources were found for autodeployment
09:26:50.454 [restartedMain] INFO  o.f.s.b.ProcessEngineAutoConfiguration - [discoverDeploymentResources,104] - No deployment resources were found for autodeployment
09:26:51.144 [restartedMain] INFO  o.f.s.SpringProcessEngineConfiguration - [initConfigurators,970] - Found 2 Engine Configurators in total:
09:26:51.147 [restartedMain] INFO  o.f.s.SpringProcessEngineConfiguration - [initConfigurators,972] - class org.flowable.eventregistry.spring.configurator.SpringEventRegistryConfigurator (priority:100000)
09:26:51.147 [restartedMain] INFO  o.f.s.SpringProcessEngineConfiguration - [initConfigurators,972] - class org.flowable.idm.engine.configurator.IdmEngineConfigurator (priority:150000)
09:26:51.148 [restartedMain] INFO  o.f.s.SpringProcessEngineConfiguration - [configuratorsBeforeInit,998] - Executing beforeInit() of class org.flowable.eventregistry.spring.configurator.SpringEventRegistryConfigurator (priority:100000)
09:26:51.158 [restartedMain] INFO  o.f.s.SpringProcessEngineConfiguration - [configuratorsBeforeInit,998] - Executing beforeInit() of class org.flowable.idm.engine.configurator.IdmEngineConfigurator (priority:150000)
09:26:52.693 [restartedMain] INFO  o.f.s.SpringProcessEngineConfiguration - [configuratorsAfterInit,1005] - Executing configure() of class org.flowable.eventregistry.spring.configurator.SpringEventRegistryConfigurator (priority:100000)
09:26:54.131 [restartedMain] INFO  l.lockservice - [log,23] - Successfully acquired change log lock
09:26:56.690 [restartedMain] INFO  liquibase.changelog - [log,23] - Reading from crm.FLW_EV_DATABASECHANGELOG
09:26:56.808 [restartedMain] INFO  l.lockservice - [log,23] - Successfully released change log lock
09:26:56.871 [restartedMain] INFO  l.lockservice - [log,23] - Successfully acquired change log lock
09:26:56.925 [restartedMain] INFO  l.lockservice - [log,23] - Successfully released change log lock
09:26:56.962 [restartedMain] INFO  o.f.e.i.EventRegistryEngineImpl - [<init>,53] - EventRegistryEngine default created
09:26:56.966 [restartedMain] INFO  o.f.s.SpringProcessEngineConfiguration - [configuratorsAfterInit,1005] - Executing configure() of class org.flowable.idm.engine.configurator.IdmEngineConfigurator (priority:150000)
09:26:57.087 [restartedMain] INFO  o.f.i.e.i.IdmEngineImpl - [<init>,52] - IdmEngine default created
09:26:57.754 [restartedMain] INFO  o.f.e.i.ProcessEngineImpl - [<init>,88] - ProcessEngine default created
09:26:57.944 [restartedMain] INFO  o.f.e.i.c.ValidateV5EntitiesCmd - [execute,43] - Total of v5 deployments found: 0
09:26:59.186 [restartedMain] INFO  o.q.i.StdSchedulerFactory - [instantiate,1220] - Using default implementation for ThreadExecutor
09:26:59.216 [restartedMain] INFO  o.q.c.SchedulerSignalerImpl - [<init>,61] - Initialized Scheduler Signaller of type: class org.quartz.core.SchedulerSignalerImpl
09:26:59.216 [restartedMain] INFO  o.q.c.QuartzScheduler - [<init>,229] - Quartz Scheduler v.2.3.2 created.
09:26:59.219 [restartedMain] INFO  o.q.s.RAMJobStore - [initialize,155] - RAMJobStore initialized.
09:26:59.221 [restartedMain] INFO  o.q.c.QuartzScheduler - [initialize,294] - Scheduler meta-data: Quartz Scheduler (v2.3.2) 'quartzScheduler' with instanceId 'NON_CLUSTERED'
  Scheduler class: 'org.quartz.core.QuartzScheduler' - running locally.
  NOT STARTED.
  Currently in standby mode.
  Number of jobs executed: 0
  Using thread pool 'org.quartz.simpl.SimpleThreadPool' - with 10 threads.
  Using job-store 'org.quartz.simpl.RAMJobStore' - which does not support persistence. and is not clustered.

09:26:59.221 [restartedMain] INFO  o.q.i.StdSchedulerFactory - [instantiate,1374] - Quartz scheduler 'quartzScheduler' initialized from an externally provided properties instance.
09:26:59.222 [restartedMain] INFO  o.q.i.StdSchedulerFactory - [instantiate,1378] - Quartz scheduler version: 2.3.2
09:26:59.222 [restartedMain] INFO  o.q.c.QuartzScheduler - [setJobFactory,2293] - JobFactory set to: org.springframework.scheduling.quartz.SpringBeanJobFactory@10b3342b
09:27:04.656 [restartedMain] INFO  o.f.j.s.i.a.AbstractAsyncExecutor - [start,116] - Starting up the async job executor [org.flowable.spring.job.service.SpringAsyncExecutor].
09:27:04.657 [Thread-8] INFO  o.f.j.s.i.a.AcquireAsyncJobsDueRunnable - [run,52] - starting to acquire async jobs due
09:27:04.658 [restartedMain] INFO  o.a.c.h.Http11NioProtocol - [log,173] - Starting ProtocolHandler ["http-nio-8090"]
09:27:04.658 [Thread-9] INFO  o.f.j.s.i.a.AcquireTimerJobsRunnable - [run,50] - starting to acquire async jobs due
09:27:04.658 [Thread-10] INFO  o.f.j.s.i.a.ResetExpiredJobsRunnable - [run,57] - starting to reset expired jobs for engine bpmn
09:27:06.472 [restartedMain] INFO  o.q.c.QuartzScheduler - [start,547] - Scheduler quartzScheduler_$_NON_CLUSTERED started.
09:27:06.488 [restartedMain] INFO  com.fno.Application - [logStarted,61] - Started Application in 36.818 seconds (JVM running for 40.112)
